0 info it worked if it ends with ok
1 verbose cli [ 'C:\\Program Files\\nodejs\\node.exe',
1 verbose cli   'C:\\Program Files\\nodejs\\node_modules\\npm\\bin\\npm-cli.js',
1 verbose cli   'install',
1 verbose cli   'msnodesql',
1 verbose cli   '--save' ]
2 info using npm@3.10.10
3 info using node@v6.10.3
4 silly loadCurrentTree Starting
5 silly install loadCurrentTree
6 silly install readLocalPackageData
7 silly fetchPackageMetaData msnodesql
8 silly fetchNamedPackageData msnodesql
9 silly mapToRegistry name msnodesql
10 silly mapToRegistry using default registry
11 silly mapToRegistry registry https://registry.npmjs.org/
12 silly mapToRegistry data Result {
12 silly mapToRegistry   raw: 'msnodesql',
12 silly mapToRegistry   scope: null,
12 silly mapToRegistry   escapedName: 'msnodesql',
12 silly mapToRegistry   name: 'msnodesql',
12 silly mapToRegistry   rawSpec: '',
12 silly mapToRegistry   spec: 'latest',
12 silly mapToRegistry   type: 'tag' }
13 silly mapToRegistry uri https://registry.npmjs.org/msnodesql
14 verbose request uri https://registry.npmjs.org/msnodesql
15 verbose request no auth needed
16 info attempt registry request try #1 at 4:38:32 PM
17 verbose request id 9f5dd976e5354327
18 http request GET https://registry.npmjs.org/msnodesql
19 http 200 https://registry.npmjs.org/msnodesql
20 verbose headers { server: 'nginx/1.10.1',
20 verbose headers   'content-type': 'application/json',
20 verbose headers   'last-modified': 'Mon, 18 Mar 2013 16:53:34 GMT',
20 verbose headers   etag: 'W/"5147468e-32e6"',
20 verbose headers   'content-encoding': 'gzip',
20 verbose headers   'cache-control': 'max-age=300',
20 verbose headers   'content-length': '2258',
20 verbose headers   'accept-ranges': 'bytes',
20 verbose headers   date: 'Mon, 05 Jun 2017 20:38:32 GMT',
20 verbose headers   via: '1.1 varnish',
20 verbose headers   age: '0',
20 verbose headers   connection: 'keep-alive',
20 verbose headers   'x-served-by': 'cache-bos8228-BOS',
20 verbose headers   'x-cache': 'MISS',
20 verbose headers   'x-cache-hits': '0',
20 verbose headers   'x-timer': 'S1496695113.549883,VS0,VE61',
20 verbose headers   vary: 'Accept-Encoding' }
21 silly get cb [ 200,
21 silly get   { server: 'nginx/1.10.1',
21 silly get     'content-type': 'application/json',
21 silly get     'last-modified': 'Mon, 18 Mar 2013 16:53:34 GMT',
21 silly get     etag: 'W/"5147468e-32e6"',
21 silly get     'content-encoding': 'gzip',
21 silly get     'cache-control': 'max-age=300',
21 silly get     'content-length': '2258',
21 silly get     'accept-ranges': 'bytes',
21 silly get     date: 'Mon, 05 Jun 2017 20:38:32 GMT',
21 silly get     via: '1.1 varnish',
21 silly get     age: '0',
21 silly get     connection: 'keep-alive',
21 silly get     'x-served-by': 'cache-bos8228-BOS',
21 silly get     'x-cache': 'MISS',
21 silly get     'x-cache-hits': '0',
21 silly get     'x-timer': 'S1496695113.549883,VS0,VE61',
21 silly get     vary: 'Accept-Encoding' } ]
22 verbose get saving msnodesql to C:\Users\jotis\AppData\Roaming\npm-cache\registry.npmjs.org\msnodesql\.cache.json
23 verbose correctMkdir C:\Users\jotis\AppData\Roaming\npm-cache correctMkdir not in flight; initializing
24 silly install normalizeTree
25 silly loadCurrentTree Finishing
26 silly loadIdealTree Starting
27 silly install loadIdealTree
28 silly cloneCurrentTree Starting
29 silly install cloneCurrentTreeToIdealTree
30 silly cloneCurrentTree Finishing
31 silly loadShrinkwrap Starting
32 silly install loadShrinkwrap
33 silly loadShrinkwrap Finishing
34 silly loadAllDepsIntoIdealTree Starting
35 silly install loadAllDepsIntoIdealTree
36 silly resolveWithNewModule msnodesql@0.2.1 checking installable status
37 silly cache add args [ 'msnodesql', null ]
38 verbose cache add spec msnodesql
39 silly cache add parsed spec Result {
39 silly cache add   raw: 'msnodesql',
39 silly cache add   scope: null,
39 silly cache add   escapedName: 'msnodesql',
39 silly cache add   name: 'msnodesql',
39 silly cache add   rawSpec: '',
39 silly cache add   spec: 'latest',
39 silly cache add   type: 'tag' }
40 silly addNamed msnodesql@latest
41 verbose addNamed "latest" is being treated as a dist-tag for msnodesql
42 info addNameTag [ 'msnodesql', 'latest' ]
43 silly mapToRegistry name msnodesql
44 silly mapToRegistry using default registry
45 silly mapToRegistry registry https://registry.npmjs.org/
46 silly mapToRegistry data Result {
46 silly mapToRegistry   raw: 'msnodesql',
46 silly mapToRegistry   scope: null,
46 silly mapToRegistry   escapedName: 'msnodesql',
46 silly mapToRegistry   name: 'msnodesql',
46 silly mapToRegistry   rawSpec: '',
46 silly mapToRegistry   spec: 'latest',
46 silly mapToRegistry   type: 'tag' }
47 silly mapToRegistry uri https://registry.npmjs.org/msnodesql
48 verbose addNameTag registry:https://registry.npmjs.org/msnodesql not in flight; fetching
49 verbose get https://registry.npmjs.org/msnodesql not expired, no request
50 silly addNameTag next cb for msnodesql with tag latest
51 silly addNamed msnodesql@0.2.1
52 verbose addNamed "0.2.1" is a plain semver version for msnodesql
53 silly mapToRegistry name msnodesql
54 silly mapToRegistry using default registry
55 silly mapToRegistry registry https://registry.npmjs.org/
56 silly mapToRegistry data Result {
56 silly mapToRegistry   raw: 'msnodesql',
56 silly mapToRegistry   scope: null,
56 silly mapToRegistry   escapedName: 'msnodesql',
56 silly mapToRegistry   name: 'msnodesql',
56 silly mapToRegistry   rawSpec: '',
56 silly mapToRegistry   spec: 'latest',
56 silly mapToRegistry   type: 'tag' }
57 silly mapToRegistry uri https://registry.npmjs.org/msnodesql
58 verbose addRemoteTarball https://registry.npmjs.org/msnodesql/-/msnodesql-0.2.1.tgz not in flight; adding
59 verbose addRemoteTarball [ 'https://registry.npmjs.org/msnodesql/-/msnodesql-0.2.1.tgz',
59 verbose addRemoteTarball   '3ce8ade4a8c016a9aa9f942810135a73c0f2c8eb' ]
60 info retry fetch attempt 1 at 4:38:33 PM
61 info attempt registry request try #1 at 4:38:33 PM
62 http fetch GET https://registry.npmjs.org/msnodesql/-/msnodesql-0.2.1.tgz
63 http fetch 200 https://registry.npmjs.org/msnodesql/-/msnodesql-0.2.1.tgz
64 silly fetchAndShaCheck shasum 3ce8ade4a8c016a9aa9f942810135a73c0f2c8eb
65 verbose addTmpTarball C:\Users\jotis\AppData\Local\Temp\npm-17024-e797cd62\registry.npmjs.org\msnodesql\-\msnodesql-0.2.1.tgz not in flight; adding
66 verbose addTmpTarball already have metadata; skipping unpack for msnodesql@0.2.1
67 verbose correctMkdir C:\Users\jotis\AppData\Roaming\npm-cache correctMkdir not in flight; initializing
68 silly cache afterAdd msnodesql@0.2.1
69 verbose afterAdd C:\Users\jotis\AppData\Roaming\npm-cache\msnodesql\0.2.1\package\package.json not in flight; writing
70 verbose correctMkdir C:\Users\jotis\AppData\Roaming\npm-cache correctMkdir not in flight; initializing
71 verbose afterAdd C:\Users\jotis\AppData\Roaming\npm-cache\msnodesql\0.2.1\package\package.json written
72 silly loadAllDepsIntoIdealTree Finishing
73 silly loadIdealTree Finishing
74 silly currentTree acadiansite@0.0.0
74 silly currentTree +-- @types/electron@1.4.38
74 silly currentTree +-- @types/node@7.0.27
74 silly currentTree +-- accepts@1.3.3
74 silly currentTree +-- acorn-globals@1.0.9
74 silly currentTree +-- acorn@2.7.0
74 silly currentTree +-- activedirectory@0.7.2
74 silly currentTree +-- ajv@4.11.8
74 silly currentTree +-- align-text@0.1.4
74 silly currentTree +-- amdefine@1.0.1
74 silly currentTree +-- array-flatten@1.1.1
74 silly currentTree +-- asap@1.0.0
74 silly currentTree +-- asn1@0.2.3
74 silly currentTree +-- assert-plus@0.2.0
74 silly currentTree +-- async@1.5.2
74 silly currentTree +-- asynckit@0.4.0
74 silly currentTree +-- aws-sign2@0.6.0
74 silly currentTree +-- aws4@1.6.0
74 silly currentTree +-- babel-runtime@6.23.0
74 silly currentTree +-- backoff@2.5.0
74 silly currentTree +-- balanced-match@0.4.2
74 silly currentTree +-- basic-auth@1.1.0
74 silly currentTree +-- bcrypt-pbkdf@1.0.1
74 silly currentTree +-- big-number@0.3.1
74 silly currentTree +-- bl@1.2.1
74 silly currentTree +-- body-parser@1.17.2
74 silly currentTree | `-- debug@2.6.7
74 silly currentTree +-- boom@2.10.1
74 silly currentTree +-- bootstrap@3.3.7
74 silly currentTree | +-- abbrev@1.1.0
74 silly currentTree | +-- accepts@1.3.3
74 silly currentTree | +-- acorn-globals@3.1.0
74 silly currentTree | | `-- acorn@4.0.13
74 silly currentTree | +-- acorn@3.3.0
74 silly currentTree | +-- agent-base@2.1.1
74 silly currentTree | | `-- semver@5.0.3
74 silly currentTree | +-- ajv@4.11.8
74 silly currentTree | +-- align-text@0.1.4
74 silly currentTree | +-- amdefine@1.0.1
74 silly currentTree | +-- ansi-regex@2.1.1
74 silly currentTree | +-- ansi-styles@2.2.1
74 silly currentTree | +-- archiver-utils@1.3.0
74 silly currentTree | | `-- lodash@4.17.4
74 silly currentTree | +-- archiver@1.3.0
74 silly currentTree | | +-- async@2.4.1
74 silly currentTree | | `-- lodash@4.17.4
74 silly currentTree | +-- argparse@1.0.9
74 silly currentTree | +-- array-differ@1.0.0
74 silly currentTree | +-- array-find-index@1.0.2
74 silly currentTree | +-- array-union@1.0.2
74 silly currentTree | +-- array-uniq@1.0.3
74 silly currentTree | +-- arrify@1.0.1
74 silly currentTree | +-- asap@2.0.5
74 silly currentTree | +-- asn1@0.2.3
74 silly currentTree | +-- assert-plus@0.2.0
74 silly currentTree | +-- async@1.5.2
74 silly currentTree | +-- asynckit@0.4.0
74 silly currentTree | +-- autoprefixer-core@5.2.1
74 silly currentTree | +-- aws-sign2@0.6.0
74 silly currentTree | +-- aws4@1.6.0
74 silly currentTree | +-- babel-runtime@6.23.0
74 silly currentTree | +-- babylon@6.17.2
74 silly currentTree | +-- balanced-match@0.4.2
74 silly currentTree | +-- basic-auth@1.1.0
74 silly currentTree | +-- batch@0.6.1
74 silly currentTree | +-- bcrypt-pbkdf@1.0.1
74 silly currentTree | +-- bl@1.2.1
74 silly currentTree | +-- body-parser@1.14.2
74 silly currentTree | | +-- debug@2.2.0
74 silly currentTree | | +-- http-errors@1.3.1
74 silly currentTree | | +-- iconv-lite@0.4.13
74 silly currentTree | | +-- ms@0.7.1
74 silly currentTree | | `-- qs@5.2.0
74 silly currentTree | +-- boom@2.10.1
74 silly currentTree | +-- brace-expansion@1.1.7
74 silly currentTree | +-- browserify-zlib@0.1.4
74 silly currentTree | +-- browserslist@0.4.0
74 silly currentTree | +-- btoa@1.1.2
74 silly currentTree | +-- buffer-crc32@0.2.13
74 silly currentTree | +-- buffer-shims@1.0.0
74 silly currentTree | +-- builtin-modules@1.1.1
74 silly currentTree | +-- bytes@2.2.0
74 silly currentTree | +-- camel-case@3.0.0
74 silly currentTree | +-- camelcase-keys@2.1.0
74 silly currentTree | +-- camelcase@2.1.1
74 silly currentTree | +-- caniuse-db@1.0.30000676
74 silly currentTree | +-- caseless@0.12.0
74 silly currentTree | +-- center-align@0.1.3
74 silly currentTree | +-- chalk@1.1.3
74 silly currentTree | +-- change-case@3.0.1
74 silly currentTree | +-- character-parser@2.2.0
74 silly currentTree | +-- clean-css@3.4.26
74 silly currentTree | +-- cli-table@0.3.1
74 silly currentTree | | `-- colors@1.0.3
74 silly currentTree | +-- cli@1.0.1
74 silly currentTree | | `-- glob@7.1.2
74 silly currentTree | +-- cliui@2.1.0
74 silly currentTree | +-- co@4.6.0
74 silly currentTree | +-- coffee-script@1.10.0
74 silly currentTree | +-- colors@1.1.2
74 silly currentTree | +-- combined-stream@1.0.5
74 silly currentTree | +-- commander@2.8.1
74 silly currentTree | +-- comment-parser@0.3.1
74 silly currentTree | +-- compress-commons@1.2.0
74 silly currentTree | +-- concat-map@0.0.1
74 silly currentTree | +-- concat-stream@1.6.0
74 silly currentTree | +-- connect-livereload@0.5.4
74 silly currentTree | +-- connect@3.6.2
74 silly currentTree | +-- console-browserify@1.1.0
74 silly currentTree | +-- constant-case@2.0.0
74 silly currentTree | +-- constantinople@3.1.0
74 silly currentTree | +-- content-type@1.0.2
74 silly currentTree | +-- core-js@2.4.1
74 silly currentTree | +-- core-util-is@1.0.2
74 silly currentTree | +-- crc@3.4.4
74 silly currentTree | +-- crc32-stream@2.0.0
74 silly currentTree | +-- cryptiles@2.0.5
74 silly currentTree | +-- csscomb-core@3.0.0-3.1
74 silly currentTree | | `-- minimatch@0.2.12
74 silly currentTree | +-- csscomb@3.1.8
74 silly currentTree | | `-- commander@2.0.0
74 silly currentTree | +-- csslint@0.10.0
74 silly currentTree | +-- cst@0.4.9
74 silly currentTree | +-- currently-unhandled@0.4.1
74 silly currentTree | +-- cycle@1.0.3
74 silly currentTree | +-- dashdash@1.14.1
74 silly currentTree | | `-- assert-plus@1.0.0
74 silly currentTree | +-- date-now@0.1.4
74 silly currentTree | +-- date-time@1.1.0
74 silly currentTree | +-- dateformat@1.0.12
74 silly currentTree | +-- debug@2.6.7
74 silly currentTree | +-- decamelize@1.2.0
74 silly currentTree | +-- deep-equal@1.0.1
74 silly currentTree | +-- delayed-stream@1.0.0
74 silly currentTree | +-- depd@1.1.0
74 silly currentTree | +-- destroy@1.0.4
74 silly currentTree | +-- diff@1.3.2
74 silly currentTree | +-- doctypes@1.1.0
74 silly currentTree | +-- dom-serializer@0.1.0
74 silly currentTree | | +-- domelementtype@1.1.3
74 silly currentTree | | `-- entities@1.1.1
74 silly currentTree | +-- domelementtype@1.3.0
74 silly currentTree | +-- domhandler@2.3.0
74 silly currentTree | +-- domutils@1.5.1
74 silly currentTree | +-- dot-case@2.1.1
74 silly currentTree | +-- ecc-jsbn@0.1.1
74 silly currentTree | +-- ee-first@1.1.1
74 silly currentTree | +-- encodeurl@1.0.1
74 silly currentTree | +-- end-of-stream@1.4.0
74 silly currentTree | +-- entities@1.0.0
74 silly currentTree | +-- errno@0.1.4
74 silly currentTree | +-- error-ex@1.3.1
74 silly currentTree | +-- es6-promise@2.3.0
74 silly currentTree | +-- escape-html@1.0.3
74 silly currentTree | +-- escape-string-regexp@1.0.5
74 silly currentTree | +-- esprima@2.7.3
74 silly currentTree | +-- estraverse@4.2.0
74 silly currentTree | +-- etag@1.8.0
74 silly currentTree | +-- eventemitter2@0.4.14
74 silly currentTree | +-- exit@0.1.2
74 silly currentTree | +-- extend@3.0.1
74 silly currentTree | +-- extract-zip@1.5.0
74 silly currentTree | | +-- concat-stream@1.5.0
74 silly currentTree | | +-- debug@0.7.4
74 silly currentTree | | +-- minimist@0.0.8
74 silly currentTree | | +-- mkdirp@0.5.0
74 silly currentTree | | +-- readable-stream@2.0.6
74 silly currentTree | | `-- string_decoder@0.10.31
74 silly currentTree | +-- extsprintf@1.0.2
74 silly currentTree | +-- eyes@0.1.8
74 silly currentTree | +-- faye-websocket@0.10.0
74 silly currentTree | +-- fd-slicer@1.0.1
74 silly currentTree | +-- fg-lodash@0.0.2
74 silly currentTree | | +-- lodash@2.4.2
74 silly currentTree | | `-- underscore.string@2.3.3
74 silly currentTree | +-- figures@1.7.0
74 silly currentTree | +-- file-sync-cmp@0.1.1
74 silly currentTree | +-- finalhandler@1.0.3
74 silly currentTree | +-- find-up@1.1.2
74 silly currentTree | +-- findup-sync@0.3.0
74 silly currentTree | | `-- glob@5.0.15
74 silly currentTree | +-- forever-agent@0.6.1
74 silly currentTree | +-- form-data@2.1.4
74 silly currentTree | +-- fresh@0.5.0
74 silly currentTree | +-- fs-extra@0.26.7
74 silly currentTree | +-- fs.realpath@1.0.0
74 silly currentTree | +-- function-bind@1.1.0
74 silly currentTree | +-- gaze@1.1.2
74 silly currentTree | +-- generate-function@2.0.0
74 silly currentTree | +-- generate-object-property@1.2.0
74 silly currentTree | +-- get-stdin@4.0.1
74 silly currentTree | +-- getobject@0.1.0
74 silly currentTree | +-- getpass@0.1.7
74 silly currentTree | | `-- assert-plus@1.0.0
74 silly currentTree | +-- glob@7.0.6
74 silly currentTree | +-- globule@1.1.0
74 silly currentTree | | +-- glob@7.1.2
74 silly currentTree | | `-- lodash@4.16.6
74 silly currentTree | +-- gonzales-pe@3.0.0-28
74 silly currentTree | +-- graceful-fs@4.1.11
74 silly currentTree | +-- graceful-readlink@1.0.1
74 silly currentTree | +-- grunt-autoprefixer@3.0.4
74 silly currentTree | | +-- ansi-regex@1.1.1
74 silly currentTree | | +-- chalk@1.0.0
74 silly currentTree | | +-- has-ansi@1.0.3
74 silly currentTree | | +-- strip-ansi@2.0.1
74 silly currentTree | | `-- supports-color@1.3.1
74 silly currentTree | +-- grunt-contrib-clean@1.0.0
74 silly currentTree | | `-- rimraf@2.6.1
74 silly currentTree | +-- grunt-contrib-compress@1.3.0
74 silly currentTree | | `-- lodash@4.17.4
74 silly currentTree | +-- grunt-contrib-concat@1.0.1
74 silly currentTree | | `-- source-map@0.5.6
74 silly currentTree | +-- grunt-contrib-connect@1.0.2
74 silly currentTree | +-- grunt-contrib-copy@1.0.0
74 silly currentTree | +-- grunt-contrib-csslint@1.0.0
74 silly currentTree | +-- grunt-contrib-cssmin@1.0.2
74 silly currentTree | +-- grunt-contrib-htmlmin@1.5.0
74 silly currentTree | +-- grunt-contrib-jshint@1.0.0
74 silly currentTree | +-- grunt-contrib-less@1.3.0
74 silly currentTree | | `-- lodash@4.17.4
74 silly currentTree | +-- grunt-contrib-pug@1.0.0
74 silly currentTree | +-- grunt-contrib-qunit@0.7.0
74 silly currentTree | +-- grunt-contrib-uglify@1.0.2
74 silly currentTree | | `-- lodash@4.17.4
74 silly currentTree | +-- grunt-contrib-watch@1.0.0
74 silly currentTree | +-- grunt-csscomb@3.1.1
74 silly currentTree | +-- grunt-exec@1.0.1
74 silly currentTree | +-- grunt-html@8.0.2
74 silly currentTree | +-- grunt-jekyll@0.4.6
74 silly currentTree | +-- grunt-jscs@3.0.1
74 silly currentTree | | `-- lodash@4.6.1
74 silly currentTree | +-- grunt-known-options@1.1.0
74 silly currentTree | +-- grunt-legacy-log-utils@1.0.0
74 silly currentTree | | `-- lodash@4.3.0
74 silly currentTree | +-- grunt-legacy-log@1.0.0
74 silly currentTree | +-- grunt-legacy-util@1.0.0
74 silly currentTree | | `-- lodash@4.3.0
74 silly currentTree | +-- grunt-lib-phantomjs@0.6.0
74 silly currentTree | | `-- semver@1.0.14
74 silly currentTree | +-- grunt-saucelabs@9.0.0
74 silly currentTree | | `-- lodash@4.13.1
74 silly currentTree | +-- grunt@1.0.1
74 silly currentTree | | `-- grunt-cli@1.2.0
74 silly currentTree | +-- gzip-size@1.0.0
74 silly currentTree | +-- har-schema@1.0.5
74 silly currentTree | +-- har-validator@4.2.1
74 silly currentTree | +-- has-ansi@2.0.0
74 silly currentTree | +-- has-color@0.1.7
74 silly currentTree | +-- has@1.0.1
74 silly currentTree | +-- hasha@2.2.0
74 silly currentTree | +-- hawk@3.1.3
74 silly currentTree | +-- he@1.1.1
74 silly currentTree | +-- header-case@1.0.1
74 silly currentTree | +-- hoek@2.16.3
74 silly currentTree | +-- hooker@0.2.3
74 silly currentTree | +-- hosted-git-info@2.4.2
74 silly currentTree | +-- html-minifier@2.1.7
74 silly currentTree | | `-- commander@2.9.0
74 silly currentTree | +-- htmlparser2@3.8.3
74 silly currentTree | | +-- isarray@0.0.1
74 silly currentTree | | +-- readable-stream@1.1.14
74 silly currentTree | | `-- string_decoder@0.10.31
74 silly currentTree | +-- http-errors@1.6.1
74 silly currentTree | +-- http-signature@1.1.1
74 silly currentTree | +-- http2@3.3.6
74 silly currentTree | +-- https-proxy-agent@1.0.0
74 silly currentTree | +-- i@0.3.5
74 silly currentTree | +-- iconv-lite@0.4.17
74 silly currentTree | +-- image-size@0.4.0
74 silly currentTree | +-- indent-string@2.1.0
74 silly currentTree | +-- inflight@1.0.6
74 silly currentTree | +-- inherit@2.2.6
74 silly currentTree | +-- inherits@2.0.3
74 silly currentTree | +-- interpret@1.0.3
74 silly currentTree | +-- is-arrayish@0.2.1
74 silly currentTree | +-- is-buffer@1.1.5
74 silly currentTree | +-- is-builtin-module@1.0.0
74 silly currentTree | +-- is-expression@2.1.0
74 silly currentTree | +-- is-finite@1.0.2
74 silly currentTree | +-- is-lower-case@1.1.3
74 silly currentTree | +-- is-my-json-valid@2.16.0
74 silly currentTree | +-- is-promise@2.1.0
74 silly currentTree | +-- is-property@1.0.2
74 silly currentTree | +-- is-regex@1.0.4
74 silly currentTree | +-- is-stream@1.1.0
74 silly currentTree | +-- is-typedarray@1.0.0
74 silly currentTree | +-- is-upper-case@1.1.2
74 silly currentTree | +-- is-utf8@0.2.1
74 silly currentTree | +-- isarray@1.0.0
74 silly currentTree | +-- isexe@2.0.0
74 silly currentTree | +-- isstream@0.1.2
74 silly currentTree | +-- jodid25519@1.0.2
74 silly currentTree | +-- js-base64@2.1.9
74 silly currentTree | +-- js-stringify@1.0.2
74 silly currentTree | +-- js-yaml@3.5.5
74 silly currentTree | +-- jsbn@0.1.1
74 silly currentTree | +-- jscs-jsdoc@2.0.0
74 silly currentTree | +-- jscs-preset-wikimedia@1.0.0
74 silly currentTree | +-- jscs@3.0.7
74 silly currentTree | | +-- commander@2.9.0
74 silly currentTree | | +-- glob@5.0.15
74 silly currentTree | | +-- js-yaml@3.4.6
74 silly currentTree | | +-- uuid@2.0.3
74 silly currentTree | | +-- vow-fs@0.3.6
74 silly currentTree | | | `-- glob@7.1.2
74 silly currentTree | | +-- vow-queue@0.4.2
74 silly currentTree | | `-- vow@0.4.16
74 silly currentTree | +-- jsdoctypeparser@1.2.0
74 silly currentTree | +-- jshint@2.9.4
74 silly currentTree | | +-- lodash@3.7.0
74 silly currentTree | | `-- shelljs@0.3.0
74 silly currentTree | +-- json-schema@0.2.3
74 silly currentTree | +-- json-stable-stringify@1.0.1
74 silly currentTree | +-- json-stringify-safe@5.0.1
74 silly currentTree | +-- jsonfile@2.4.0
74 silly currentTree | +-- jsonify@0.0.0
74 silly currentTree | +-- jsonlint@1.6.2
74 silly currentTree | +-- jsonpointer@4.0.1
74 silly currentTree | +-- jsprim@1.4.0
74 silly currentTree | | `-- assert-plus@1.0.0
74 silly currentTree | +-- jstransformer@1.0.0
74 silly currentTree | +-- JSV@4.0.2
74 silly currentTree | +-- kew@0.7.0
74 silly currentTree | +-- kind-of@3.2.2
74 silly currentTree | +-- klaw@1.3.1
74 silly currentTree | +-- lazy-cache@1.0.4
74 silly currentTree | +-- lazystream@1.0.0
74 silly currentTree | +-- less@2.6.1
74 silly currentTree | | `-- source-map@0.5.6
74 silly currentTree | +-- linkify-it@2.0.3
74 silly currentTree | +-- livereload-js@2.2.2
74 silly currentTree | +-- load-grunt-tasks@3.5.2
74 silly currentTree | +-- load-json-file@1.1.0
74 silly currentTree | +-- lodash@3.10.1
74 silly currentTree | +-- longest@1.0.1
74 silly currentTree | +-- loud-rejection@1.6.0
74 silly currentTree | +-- lower-case-first@1.0.2
74 silly currentTree | +-- lower-case@1.1.4
74 silly currentTree | +-- lru-cache@2.7.3
74 silly currentTree | +-- map-obj@1.0.1
74 silly currentTree | +-- markdown-it@7.0.1
74 silly currentTree | | `-- entities@1.1.1
74 silly currentTree | +-- maxmin@1.1.0
74 silly currentTree | | `-- pretty-bytes@1.0.4
74 silly currentTree | +-- mdurl@1.0.1
74 silly currentTree | +-- media-typer@0.3.0
74 silly currentTree | +-- meow@3.7.0
74 silly currentTree | +-- mime-db@1.27.0
74 silly currentTree | +-- mime-types@2.1.15
74 silly currentTree | +-- mime@1.3.4
74 silly currentTree | +-- minimatch@3.0.4
74 silly currentTree | +-- minimist@1.2.0
74 silly currentTree | +-- mkdirp@0.5.1
74 silly currentTree | | `-- minimist@0.0.8
74 silly currentTree | +-- morgan@1.8.2
74 silly currentTree | | `-- debug@2.6.8
74 silly currentTree | +-- ms@2.0.0
74 silly currentTree | +-- multimatch@2.1.0
74 silly currentTree | +-- mute-stream@0.0.7
74 silly currentTree | +-- natural-compare@1.2.2
74 silly currentTree | +-- ncname@1.0.0
74 silly currentTree | +-- ncp@0.4.2
74 silly currentTree | +-- negotiator@0.6.1
74 silly currentTree | +-- no-case@2.3.1
74 silly currentTree | +-- node-uuid@1.4.0
74 silly currentTree | +-- nomnom@1.8.1
74 silly currentTree | | +-- ansi-styles@1.0.0
74 silly currentTree | | +-- chalk@0.4.0
74 silly currentTree | | `-- strip-ansi@0.1.1
74 silly currentTree | +-- nopt@3.0.6
74 silly currentTree | +-- normalize-package-data@2.3.8
74 silly currentTree | +-- normalize-path@2.1.1
74 silly currentTree | +-- num2fraction@1.2.2
74 silly currentTree | +-- number-is-nan@1.0.1
74 silly currentTree | +-- oauth-sign@0.8.2
74 silly currentTree | +-- object-assign@4.1.1
74 silly currentTree | +-- on-finished@2.3.0
74 silly currentTree | +-- on-headers@1.0.1
74 silly currentTree | +-- once@1.4.0
74 silly currentTree | +-- opn@4.0.2
74 silly currentTree | +-- os-tmpdir@1.0.2
74 silly currentTree | +-- package@1.0.1
74 silly currentTree | +-- pako@0.2.9
74 silly currentTree | +-- param-case@2.1.1
74 silly currentTree | +-- parse-json@2.2.0
74 silly currentTree | +-- parse-ms@1.0.1
74 silly currentTree | +-- parserlib@0.2.5
74 silly currentTree | +-- parseurl@1.3.1
74 silly currentTree | +-- pascal-case@2.0.1
74 silly currentTree | +-- path-case@2.1.1
74 silly currentTree | +-- path-exists@2.1.0
74 silly currentTree | +-- path-is-absolute@1.0.1
74 silly currentTree | +-- path-type@1.1.0
74 silly currentTree | +-- pathval@0.1.1
74 silly currentTree | +-- pend@1.2.0
74 silly currentTree | +-- performance-now@0.2.0
74 silly currentTree | +-- phantomjs@1.9.20
74 silly currentTree | | +-- async@2.4.1
74 silly currentTree | | +-- bl@1.0.3
74 silly currentTree | | +-- caseless@0.11.0
74 silly currentTree | | +-- commander@2.9.0
74 silly currentTree | | +-- form-data@1.0.1
74 silly currentTree | | +-- har-validator@2.0.6
74 silly currentTree | | +-- lodash@4.17.4
74 silly currentTree | | +-- node-uuid@1.4.8
74 silly currentTree | | +-- qs@5.2.1
74 silly currentTree | | +-- readable-stream@2.0.6
74 silly currentTree | | +-- request@2.67.0
74 silly currentTree | | +-- string_decoder@0.10.31
74 silly currentTree | | +-- tough-cookie@2.2.2
74 silly currentTree | | `-- tunnel-agent@0.4.3
74 silly currentTree | +-- pify@2.3.0
74 silly currentTree | +-- pinkie-promise@2.0.1
74 silly currentTree | +-- pinkie@2.0.4
74 silly currentTree | +-- pkg-up@1.0.0
74 silly currentTree | +-- pkginfo@0.4.0
74 silly currentTree | +-- plur@1.0.0
74 silly currentTree | +-- portscanner@1.2.0
74 silly currentTree | +-- postcss@4.1.16
74 silly currentTree | +-- pretty-bytes@3.0.1
74 silly currentTree | +-- pretty-ms@2.1.0
74 silly currentTree | +-- process-nextick-args@1.0.7
74 silly currentTree | +-- progress@1.1.8
74 silly currentTree | +-- promise@7.1.1
74 silly currentTree | +-- prompt@0.2.14
74 silly currentTree | +-- prr@0.0.0
74 silly currentTree | +-- pug-attrs@2.0.2
74 silly currentTree | +-- pug-code-gen@1.1.1
74 silly currentTree | +-- pug-error@1.3.2
74 silly currentTree | +-- pug-filters@2.1.2
74 silly currentTree | +-- pug-lexer@3.1.0
74 silly currentTree | | +-- acorn@4.0.13
74 silly currentTree | | `-- is-expression@3.0.0
74 silly currentTree | +-- pug-linker@3.0.0
74 silly currentTree | +-- pug-load@2.0.6
74 silly currentTree | +-- pug-parser@2.0.2
74 silly currentTree | +-- pug-runtime@2.0.3
74 silly currentTree | +-- pug-strip-comments@1.0.2
74 silly currentTree | +-- pug-walk@1.1.2
74 silly currentTree | +-- pug@2.0.0-rc.1
74 silly currentTree | +-- punycode@1.4.1
74 silly currentTree | +-- q@1.4.1
74 silly currentTree | +-- qs@6.4.0
74 silly currentTree | +-- range-parser@1.2.0
74 silly currentTree | +-- raw-body@2.1.7
74 silly currentTree | | +-- bytes@2.4.0
74 silly currentTree | | `-- iconv-lite@0.4.13
74 silly currentTree | +-- read-pkg-up@1.0.1
74 silly currentTree | +-- read-pkg@1.1.0
74 silly currentTree | +-- read@1.0.7
74 silly currentTree | +-- readable-stream@2.2.9
74 silly currentTree | +-- rechoir@0.6.2
74 silly currentTree | +-- redent@1.0.0
74 silly currentTree | +-- regenerator-runtime@0.10.5
74 silly currentTree | +-- relateurl@0.2.7
74 silly currentTree | +-- remove-trailing-separator@1.0.1
74 silly currentTree | +-- repeat-string@1.6.1
74 silly currentTree | +-- repeating@2.0.1
74 silly currentTree | +-- request-progress@2.0.1
74 silly currentTree | +-- request@2.81.0
74 silly currentTree | +-- requestretry@1.9.1
74 silly currentTree | +-- reserved-words@0.1.1
74 silly currentTree | +-- resolve-from@2.0.0
74 silly currentTree | +-- resolve-pkg@0.1.0
74 silly currentTree | +-- resolve@1.1.7
74 silly currentTree | +-- revalidator@0.1.8
74 silly currentTree | +-- right-align@0.1.3
74 silly currentTree | +-- rimraf@2.2.8
74 silly currentTree | +-- safe-buffer@5.0.1
74 silly currentTree | +-- sauce-tunnel@2.5.0
74 silly currentTree | +-- saucelabs@1.2.0
74 silly currentTree | +-- semver@5.3.0
74 silly currentTree | +-- send@0.15.3
74 silly currentTree | +-- sentence-case@2.1.1
74 silly currentTree | +-- serve-index@1.9.0
74 silly currentTree | | `-- debug@2.6.8
74 silly currentTree | +-- serve-static@1.12.3
74 silly currentTree | +-- setprototypeof@1.0.3
74 silly currentTree | +-- shelljs@0.7.7
74 silly currentTree | +-- shx@0.1.4
74 silly currentTree | +-- sigmund@1.0.1
74 silly currentTree | +-- signal-exit@3.0.2
74 silly currentTree | +-- snake-case@2.1.0
74 silly currentTree | +-- sntp@1.0.9
74 silly currentTree | +-- source-map-support@0.4.15
74 silly currentTree | | `-- source-map@0.5.6
74 silly currentTree | +-- source-map@0.4.4
74 silly currentTree | +-- spdx-correct@1.0.2
74 silly currentTree | +-- spdx-expression-parse@1.0.4
74 silly currentTree | +-- spdx-license-ids@1.2.2
74 silly currentTree | +-- split@1.0.0
74 silly currentTree | +-- sprintf-js@1.0.3
74 silly currentTree | +-- sshpk@1.13.0
74 silly currentTree | | `-- assert-plus@1.0.0
74 silly currentTree | +-- stack-trace@0.0.10
74 silly currentTree | +-- statuses@1.3.1
74 silly currentTree | +-- stream-buffers@2.2.0
74 silly currentTree | +-- string_decoder@1.0.1
74 silly currentTree | +-- stringstream@0.0.5
74 silly currentTree | +-- strip-ansi@3.0.1
74 silly currentTree | +-- strip-bom@2.0.0
74 silly currentTree | +-- strip-indent@1.0.1
74 silly currentTree | +-- strip-json-comments@1.0.4
74 silly currentTree | +-- supports-color@2.0.0
74 silly currentTree | +-- swap-case@1.1.2
74 silly currentTree | +-- tar-stream@1.5.4
74 silly currentTree | +-- temporary@0.0.8
74 silly currentTree | +-- text-table@0.2.0
74 silly currentTree | +-- throttleit@1.0.0
74 silly currentTree | +-- through@2.3.8
74 silly currentTree | +-- time-grunt@1.4.0
74 silly currentTree | +-- time-zone@0.1.0
74 silly currentTree | +-- tiny-lr@0.2.1
74 silly currentTree | | +-- debug@2.2.0
74 silly currentTree | | +-- ms@0.7.1
74 silly currentTree | | `-- qs@5.1.0
74 silly currentTree | +-- title-case@2.1.1
74 silly currentTree | +-- tmp@0.0.31
74 silly currentTree | +-- to-double-quotes@2.0.0
74 silly currentTree | +-- to-single-quotes@2.0.1
74 silly currentTree | +-- token-stream@0.0.1
74 silly currentTree | +-- tough-cookie@2.3.2
74 silly currentTree | +-- trim-newlines@1.0.0
74 silly currentTree | +-- tunnel-agent@0.6.0
74 silly currentTree | +-- tweetnacl@0.14.5
74 silly currentTree | +-- type-is@1.6.15
74 silly currentTree | +-- typedarray@0.0.6
74 silly currentTree | +-- uc.micro@1.0.3
74 silly currentTree | +-- uglify-js@2.6.4
74 silly currentTree | | +-- async@0.2.10
74 silly currentTree | | `-- source-map@0.5.6
74 silly currentTree | +-- uglify-to-browserify@1.0.2
74 silly currentTree | +-- underscore.string@3.2.3
74 silly currentTree | +-- underscore@1.6.0
74 silly currentTree | +-- unpipe@1.0.0
74 silly currentTree | +-- upper-case-first@1.1.2
74 silly currentTree | +-- upper-case@1.1.3
74 silly currentTree | +-- uri-path@1.0.0
74 silly currentTree | +-- util-deprecate@1.0.2
74 silly currentTree | +-- utile@0.2.1
74 silly currentTree | | `-- async@0.2.10
74 silly currentTree | +-- utils-merge@1.0.0
74 silly currentTree | +-- uuid@3.0.1
74 silly currentTree | +-- validate-npm-package-license@3.0.1
74 silly currentTree | +-- verror@1.3.6
74 silly currentTree | +-- void-elements@2.0.1
74 silly currentTree | +-- vow-fs@0.3.2
74 silly currentTree | | +-- glob@3.2.8
74 silly currentTree | | `-- minimatch@0.2.14
74 silly currentTree | +-- vow-queue@0.3.1
74 silly currentTree | +-- vow@0.4.4
74 silly currentTree | +-- walkdir@0.0.11
74 silly currentTree | +-- websocket-driver@0.6.5
74 silly currentTree | +-- websocket-extensions@0.1.1
74 silly currentTree | +-- when@3.7.8
74 silly currentTree | +-- which@1.2.14
74 silly currentTree | +-- window-size@0.1.0
74 silly currentTree | +-- winston@0.8.3
74 silly currentTree | | +-- async@0.2.10
74 silly currentTree | | +-- colors@0.6.2
74 silly currentTree | | `-- pkginfo@0.3.1
74 silly currentTree | +-- with@5.1.1
74 silly currentTree | +-- wordwrap@0.0.2
74 silly currentTree | +-- wrappy@1.0.2
74 silly currentTree | +-- xml-char-classes@1.0.0
74 silly currentTree | +-- xmlbuilder@3.1.0
74 silly currentTree | +-- xtend@4.0.1
74 silly currentTree | +-- yargs@3.10.0
74 silly currentTree | | `-- camelcase@1.2.1
74 silly currentTree | +-- yauzl@2.4.1
74 silly currentTree | `-- zip-stream@1.1.1
74 silly currentTree |   `-- lodash@4.17.4
74 silly currentTree +-- brace-expansion@1.1.7
74 silly currentTree +-- bunyan@1.8.10
74 silly currentTree +-- bytes@2.4.0
74 silly currentTree +-- camelcase@1.2.1
74 silly currentTree +-- caseless@0.12.0
74 silly currentTree +-- center-align@0.1.3
74 silly currentTree +-- character-parser@1.2.1
74 silly currentTree +-- clean-css@3.4.26
74 silly currentTree | `-- commander@2.8.1
74 silly currentTree +-- cliui@2.1.0
74 silly currentTree | `-- wordwrap@0.0.2
74 silly currentTree +-- co@4.6.0
74 silly currentTree +-- combined-stream@1.0.5
74 silly currentTree +-- commander@2.6.0
74 silly currentTree +-- concat-map@0.0.1
74 silly currentTree +-- constantinople@3.0.2
74 silly currentTree +-- content-disposition@0.5.2
74 silly currentTree +-- content-type@1.0.2
74 silly currentTree +-- cookie-parser@1.4.3
74 silly currentTree +-- cookie-signature@1.0.6
74 silly currentTree +-- cookie@0.3.1
74 silly currentTree +-- core-js@2.4.1
74 silly currentTree +-- core-util-is@1.0.2
74 silly currentTree +-- crc@3.4.4
74 silly currentTree +-- cryptiles@2.0.5
74 silly currentTree +-- css-parse@1.0.4
74 silly currentTree +-- css-stringify@1.0.5
74 silly currentTree +-- css@1.0.8
74 silly currentTree +-- dashdash@1.14.1
74 silly currentTree | `-- assert-plus@1.0.0
74 silly currentTree +-- debug@2.6.8
74 silly currentTree +-- decamelize@1.2.0
74 silly currentTree +-- delayed-stream@1.0.0
74 silly currentTree +-- depd@1.1.0
74 silly currentTree +-- destroy@1.0.4
74 silly currentTree +-- doctypes@1.1.0
74 silly currentTree +-- dtrace-provider@0.8.2
74 silly currentTree +-- ecc-jsbn@0.1.1
74 silly currentTree +-- ee-first@1.1.1
74 silly currentTree +-- encodeurl@1.0.1
74 silly currentTree +-- escape-html@1.0.3
74 silly currentTree +-- etag@1.8.0
74 silly currentTree +-- express-session@1.15.3
74 silly currentTree | `-- debug@2.6.7
74 silly currentTree +-- express@4.15.3
74 silly currentTree | `-- debug@2.6.7
74 silly currentTree +-- extend@3.0.1
74 silly currentTree +-- extsprintf@1.0.2
74 silly currentTree +-- finalhandler@1.0.3
74 silly currentTree | `-- debug@2.6.7
74 silly currentTree +-- forever-agent@0.6.1
74 silly currentTree +-- form-data@2.1.4
74 silly currentTree +-- forwarded@0.1.0
74 silly currentTree +-- fresh@0.5.0
74 silly currentTree +-- function-bind@1.1.0
74 silly currentTree +-- generic-pool@3.1.7
74 silly currentTree +-- getpass@0.1.7
74 silly currentTree | `-- assert-plus@1.0.0
74 silly currentTree +-- glob@6.0.4
74 silly currentTree +-- graceful-readlink@1.0.1
74 silly currentTree +-- handlebars@4.0.10
74 silly currentTree | `-- optimist@0.6.1
74 silly currentTree +-- har-schema@1.0.5
74 silly currentTree +-- har-validator@4.2.1
74 silly currentTree +-- has@1.0.1
74 silly currentTree +-- hawk@3.1.3
74 silly currentTree +-- hoek@2.16.3
74 silly currentTree +-- http-errors@1.6.1
74 silly currentTree +-- http-signature@1.1.1
74 silly currentTree +-- iconv-lite@0.4.15
74 silly currentTree +-- inflight@1.0.6
74 silly currentTree +-- inherits@2.0.3
74 silly currentTree +-- ipaddr.js@1.3.0
74 silly currentTree +-- is-buffer@1.1.5
74 silly currentTree +-- is-expression@3.0.0
74 silly currentTree | `-- acorn@4.0.13
74 silly currentTree +-- is-promise@2.1.0
74 silly currentTree +-- is-regex@1.0.4
74 silly currentTree +-- is-typedarray@1.0.0
74 silly currentTree +-- isarray@1.0.0
74 silly currentTree +-- isstream@0.1.2
74 silly currentTree +-- jade@1.11.0
74 silly currentTree +-- jodid25519@1.0.2
74 silly currentTree +-- js-stringify@1.0.2
74 silly currentTree +-- jsbn@0.1.1
74 silly currentTree +-- json-schema@0.2.3
74 silly currentTree +-- json-stable-stringify@1.0.1
74 silly currentTree +-- json-stringify-safe@5.0.1
74 silly currentTree +-- jsonify@0.0.0
74 silly currentTree +-- jsprim@1.4.0
74 silly currentTree | `-- assert-plus@1.0.0
74 silly currentTree +-- jstransformer@0.0.2
74 silly currentTree +-- kind-of@3.2.2
74 silly currentTree +-- lazy-cache@1.0.4
74 silly currentTree +-- ldap-filter@0.2.2
74 silly currentTree | `-- assert-plus@0.1.5
74 silly currentTree +-- ldapjs@1.0.1
74 silly currentTree | +-- assert-plus@1.0.0
74 silly currentTree | +-- dtrace-provider@0.7.1
74 silly currentTree | +-- extsprintf@1.3.0
74 silly currentTree | `-- verror@1.10.0
74 silly currentTree +-- longest@1.0.1
74 silly currentTree +-- media-typer@0.3.0
74 silly currentTree +-- merge-descriptors@1.0.1
74 silly currentTree +-- methods@1.1.2
74 silly currentTree +-- mime-db@1.27.0
74 silly currentTree +-- mime-types@2.1.15
74 silly currentTree +-- mime@1.3.4
74 silly currentTree +-- minimatch@3.0.4
74 silly currentTree +-- minimist@0.0.8
74 silly currentTree +-- mkdirp@0.5.1
74 silly currentTree +-- moment@2.18.1
74 silly currentTree +-- morgan@1.8.2
74 silly currentTree +-- ms@2.0.0
74 silly currentTree +-- msnodesqlv8@0.2.16
74 silly currentTree +-- mssql@4.0.4
74 silly currentTree +-- mv@2.1.1
74 silly currentTree +-- nan@2.6.2
74 silly currentTree +-- ncp@2.0.0
74 silly currentTree +-- negotiator@0.6.1
74 silly currentTree +-- oauth-sign@0.8.2
74 silly currentTree +-- object-assign@4.1.1
74 silly currentTree +-- on-finished@2.3.0
74 silly currentTree +-- on-headers@1.0.1
74 silly currentTree +-- once@1.4.0
74 silly currentTree +-- optimist@0.3.7
74 silly currentTree +-- parseurl@1.3.1
74 silly currentTree +-- path-is-absolute@1.0.1
74 silly currentTree +-- path-parse@1.0.5
74 silly currentTree +-- path-to-regexp@0.1.7
74 silly currentTree +-- performance-now@0.2.0
74 silly currentTree +-- precond@0.2.3
74 silly currentTree +-- process-nextick-args@1.0.7
74 silly currentTree +-- promise@6.1.0
74 silly currentTree +-- proxy-addr@1.1.4
74 silly currentTree +-- pug-attrs@2.0.2
74 silly currentTree +-- pug-code-gen@1.1.1
74 silly currentTree | +-- acorn-globals@3.1.0
74 silly currentTree | | `-- acorn@4.0.13
74 silly currentTree | +-- acorn@3.3.0
74 silly currentTree | `-- with@5.1.1
74 silly currentTree +-- pug-error@1.3.2
74 silly currentTree +-- pug-filters@2.1.3
74 silly currentTree | +-- asap@2.0.5
74 silly currentTree | +-- jstransformer@1.0.0
74 silly currentTree | `-- promise@7.1.1
74 silly currentTree +-- pug-lexer@3.1.0
74 silly currentTree | `-- character-parser@2.2.0
74 silly currentTree +-- pug-linker@3.0.1
74 silly currentTree +-- pug-load@2.0.7
74 silly currentTree +-- pug-parser@3.0.0
74 silly currentTree +-- pug-runtime@2.0.3
74 silly currentTree +-- pug-strip-comments@1.0.2
74 silly currentTree +-- pug-walk@1.1.3
74 silly currentTree +-- pug@2.0.0-rc.2
74 silly currentTree +-- punycode@1.4.1
74 silly currentTree +-- qs@6.4.0
74 silly currentTree +-- random-bytes@1.0.0
74 silly currentTree +-- range-parser@1.2.0
74 silly currentTree +-- raw-body@2.2.0
74 silly currentTree +-- readable-stream@2.2.10
74 silly currentTree +-- regenerator-runtime@0.10.5
74 silly currentTree +-- repeat-string@1.6.1
74 silly currentTree +-- request@2.81.0
74 silly currentTree +-- resolve@1.3.3
74 silly currentTree +-- right-align@0.1.3
74 silly currentTree +-- rimraf@2.4.5
74 silly currentTree +-- safe-buffer@5.0.1
74 silly currentTree +-- safe-json-stringify@1.0.4
74 silly currentTree +-- send@0.15.3
74 silly currentTree | `-- debug@2.6.7
74 silly currentTree +-- serve-favicon@2.4.3
74 silly currentTree +-- serve-static@1.12.3
74 silly currentTree +-- setprototypeof@1.0.3
74 silly currentTree +-- sntp@1.0.9
74 silly currentTree +-- source-map@0.4.4
74 silly currentTree +-- sprintf@0.1.5
74 silly currentTree +-- sshpk@1.13.0
74 silly currentTree | `-- assert-plus@1.0.0
74 silly currentTree +-- statuses@1.3.1
74 silly currentTree +-- string_decoder@1.0.1
74 silly currentTree +-- stringstream@0.0.5
74 silly currentTree +-- tedious@2.0.0
74 silly currentTree +-- token-stream@0.0.1
74 silly currentTree +-- tough-cookie@2.3.2
74 silly currentTree +-- transformers@2.1.0
74 silly currentTree | +-- is-promise@1.0.1
74 silly currentTree | +-- promise@2.0.0
74 silly currentTree | +-- source-map@0.1.43
74 silly currentTree | `-- uglify-js@2.2.5
74 silly currentTree +-- tunnel-agent@0.6.0
74 silly currentTree +-- tweetnacl@0.14.5
74 silly currentTree +-- type-is@1.6.15
74 silly currentTree +-- uglify-js@2.8.27
74 silly currentTree | `-- source-map@0.5.6
74 silly currentTree +-- uglify-to-browserify@1.0.2
74 silly currentTree +-- uid-safe@2.1.4
74 silly currentTree +-- underscore@1.8.3
74 silly currentTree +-- unpipe@1.0.0
74 silly currentTree +-- util-deprecate@1.0.2
74 silly currentTree +-- utils-merge@1.0.0
74 silly currentTree +-- uuid@3.0.1
74 silly currentTree +-- vary@1.1.1
74 silly currentTree +-- vasync@1.6.4
74 silly currentTree | +-- extsprintf@1.2.0
74 silly currentTree | `-- verror@1.6.0
74 silly currentTree +-- verror@1.3.6
74 silly currentTree +-- void-elements@2.0.1
74 silly currentTree +-- window-size@0.1.0
74 silly currentTree +-- with@4.0.3
74 silly currentTree | `-- acorn@1.2.2
74 silly currentTree +-- wordwrap@0.0.3
74 silly currentTree +-- wrappy@1.0.2
74 silly currentTree `-- yargs@3.10.0
75 silly idealTree acadiansite@0.0.0
75 silly idealTree +-- @types/electron@1.4.38
75 silly idealTree +-- @types/node@7.0.27
75 silly idealTree +-- accepts@1.3.3
75 silly idealTree +-- acorn-globals@1.0.9
75 silly idealTree +-- acorn@2.7.0
75 silly idealTree +-- activedirectory@0.7.2
75 silly idealTree +-- ajv@4.11.8
75 silly idealTree +-- align-text@0.1.4
75 silly idealTree +-- amdefine@1.0.1
75 silly idealTree +-- array-flatten@1.1.1
75 silly idealTree +-- asap@1.0.0
75 silly idealTree +-- asn1@0.2.3
75 silly idealTree +-- assert-plus@0.2.0
75 silly idealTree +-- async@1.5.2
75 silly idealTree +-- asynckit@0.4.0
75 silly idealTree +-- aws-sign2@0.6.0
75 silly idealTree +-- aws4@1.6.0
75 silly idealTree +-- babel-runtime@6.23.0
75 silly idealTree +-- backoff@2.5.0
75 silly idealTree +-- balanced-match@0.4.2
75 silly idealTree +-- basic-auth@1.1.0
75 silly idealTree +-- bcrypt-pbkdf@1.0.1
75 silly idealTree +-- big-number@0.3.1
75 silly idealTree +-- bl@1.2.1
75 silly idealTree +-- body-parser@1.17.2
75 silly idealTree | `-- debug@2.6.7
75 silly idealTree +-- boom@2.10.1
75 silly idealTree +-- bootstrap@3.3.7
75 silly idealTree | +-- abbrev@1.1.0
75 silly idealTree | +-- accepts@1.3.3
75 silly idealTree | +-- acorn-globals@3.1.0
75 silly idealTree | | `-- acorn@4.0.13
75 silly idealTree | +-- acorn@3.3.0
75 silly idealTree | +-- agent-base@2.1.1
75 silly idealTree | | `-- semver@5.0.3
75 silly idealTree | +-- ajv@4.11.8
75 silly idealTree | +-- align-text@0.1.4
75 silly idealTree | +-- amdefine@1.0.1
75 silly idealTree | +-- ansi-regex@2.1.1
75 silly idealTree | +-- ansi-styles@2.2.1
75 silly idealTree | +-- archiver-utils@1.3.0
75 silly idealTree | | `-- lodash@4.17.4
75 silly idealTree | +-- archiver@1.3.0
75 silly idealTree | | +-- async@2.4.1
75 silly idealTree | | `-- lodash@4.17.4
75 silly idealTree | +-- argparse@1.0.9
75 silly idealTree | +-- array-differ@1.0.0
75 silly idealTree | +-- array-find-index@1.0.2
75 silly idealTree | +-- array-union@1.0.2
75 silly idealTree | +-- array-uniq@1.0.3
75 silly idealTree | +-- arrify@1.0.1
75 silly idealTree | +-- asap@2.0.5
75 silly idealTree | +-- asn1@0.2.3
75 silly idealTree | +-- assert-plus@0.2.0
75 silly idealTree | +-- async@1.5.2
75 silly idealTree | +-- asynckit@0.4.0
75 silly idealTree | +-- autoprefixer-core@5.2.1
75 silly idealTree | +-- aws-sign2@0.6.0
75 silly idealTree | +-- aws4@1.6.0
75 silly idealTree | +-- babel-runtime@6.23.0
75 silly idealTree | +-- babylon@6.17.2
75 silly idealTree | +-- balanced-match@0.4.2
75 silly idealTree | +-- basic-auth@1.1.0
75 silly idealTree | +-- batch@0.6.1
75 silly idealTree | +-- bcrypt-pbkdf@1.0.1
75 silly idealTree | +-- bl@1.2.1
75 silly idealTree | +-- body-parser@1.14.2
75 silly idealTree | | +-- debug@2.2.0
75 silly idealTree | | +-- http-errors@1.3.1
75 silly idealTree | | +-- iconv-lite@0.4.13
75 silly idealTree | | +-- ms@0.7.1
75 silly idealTree | | `-- qs@5.2.0
75 silly idealTree | +-- boom@2.10.1
75 silly idealTree | +-- brace-expansion@1.1.7
75 silly idealTree | +-- browserify-zlib@0.1.4
75 silly idealTree | +-- browserslist@0.4.0
75 silly idealTree | +-- btoa@1.1.2
75 silly idealTree | +-- buffer-crc32@0.2.13
75 silly idealTree | +-- buffer-shims@1.0.0
75 silly idealTree | +-- builtin-modules@1.1.1
75 silly idealTree | +-- bytes@2.2.0
75 silly idealTree | +-- camel-case@3.0.0
75 silly idealTree | +-- camelcase-keys@2.1.0
75 silly idealTree | +-- camelcase@2.1.1
75 silly idealTree | +-- caniuse-db@1.0.30000676
75 silly idealTree | +-- caseless@0.12.0
75 silly idealTree | +-- center-align@0.1.3
75 silly idealTree | +-- chalk@1.1.3
75 silly idealTree | +-- change-case@3.0.1
75 silly idealTree | +-- character-parser@2.2.0
75 silly idealTree | +-- clean-css@3.4.26
75 silly idealTree | +-- cli-table@0.3.1
75 silly idealTree | | `-- colors@1.0.3
75 silly idealTree | +-- cli@1.0.1
75 silly idealTree | | `-- glob@7.1.2
75 silly idealTree | +-- cliui@2.1.0
75 silly idealTree | +-- co@4.6.0
75 silly idealTree | +-- coffee-script@1.10.0
75 silly idealTree | +-- colors@1.1.2
75 silly idealTree | +-- combined-stream@1.0.5
75 silly idealTree | +-- commander@2.8.1
75 silly idealTree | +-- comment-parser@0.3.1
75 silly idealTree | +-- compress-commons@1.2.0
75 silly idealTree | +-- concat-map@0.0.1
75 silly idealTree | +-- concat-stream@1.6.0
75 silly idealTree | +-- connect-livereload@0.5.4
75 silly idealTree | +-- connect@3.6.2
75 silly idealTree | +-- console-browserify@1.1.0
75 silly idealTree | +-- constant-case@2.0.0
75 silly idealTree | +-- constantinople@3.1.0
75 silly idealTree | +-- content-type@1.0.2
75 silly idealTree | +-- core-js@2.4.1
75 silly idealTree | +-- core-util-is@1.0.2
75 silly idealTree | +-- crc@3.4.4
75 silly idealTree | +-- crc32-stream@2.0.0
75 silly idealTree | +-- cryptiles@2.0.5
75 silly idealTree | +-- csscomb-core@3.0.0-3.1
75 silly idealTree | | `-- minimatch@0.2.12
75 silly idealTree | +-- csscomb@3.1.8
75 silly idealTree | | `-- commander@2.0.0
75 silly idealTree | +-- csslint@0.10.0
75 silly idealTree | +-- cst@0.4.9
75 silly idealTree | +-- currently-unhandled@0.4.1
75 silly idealTree | +-- cycle@1.0.3
75 silly idealTree | +-- dashdash@1.14.1
75 silly idealTree | | `-- assert-plus@1.0.0
75 silly idealTree | +-- date-now@0.1.4
75 silly idealTree | +-- date-time@1.1.0
75 silly idealTree | +-- dateformat@1.0.12
75 silly idealTree | +-- debug@2.6.7
75 silly idealTree | +-- decamelize@1.2.0
75 silly idealTree | +-- deep-equal@1.0.1
75 silly idealTree | +-- delayed-stream@1.0.0
75 silly idealTree | +-- depd@1.1.0
75 silly idealTree | +-- destroy@1.0.4
75 silly idealTree | +-- diff@1.3.2
75 silly idealTree | +-- doctypes@1.1.0
75 silly idealTree | +-- dom-serializer@0.1.0
75 silly idealTree | | +-- domelementtype@1.1.3
75 silly idealTree | | `-- entities@1.1.1
75 silly idealTree | +-- domelementtype@1.3.0
75 silly idealTree | +-- domhandler@2.3.0
75 silly idealTree | +-- domutils@1.5.1
75 silly idealTree | +-- dot-case@2.1.1
75 silly idealTree | +-- ecc-jsbn@0.1.1
75 silly idealTree | +-- ee-first@1.1.1
75 silly idealTree | +-- encodeurl@1.0.1
75 silly idealTree | +-- end-of-stream@1.4.0
75 silly idealTree | +-- entities@1.0.0
75 silly idealTree | +-- errno@0.1.4
75 silly idealTree | +-- error-ex@1.3.1
75 silly idealTree | +-- es6-promise@2.3.0
75 silly idealTree | +-- escape-html@1.0.3
75 silly idealTree | +-- escape-string-regexp@1.0.5
75 silly idealTree | +-- esprima@2.7.3
75 silly idealTree | +-- estraverse@4.2.0
75 silly idealTree | +-- etag@1.8.0
75 silly idealTree | +-- eventemitter2@0.4.14
75 silly idealTree | +-- exit@0.1.2
75 silly idealTree | +-- extend@3.0.1
75 silly idealTree | +-- extract-zip@1.5.0
75 silly idealTree | | +-- concat-stream@1.5.0
75 silly idealTree | | +-- debug@0.7.4
75 silly idealTree | | +-- minimist@0.0.8
75 silly idealTree | | +-- mkdirp@0.5.0
75 silly idealTree | | +-- readable-stream@2.0.6
75 silly idealTree | | `-- string_decoder@0.10.31
75 silly idealTree | +-- extsprintf@1.0.2
75 silly idealTree | +-- eyes@0.1.8
75 silly idealTree | +-- faye-websocket@0.10.0
75 silly idealTree | +-- fd-slicer@1.0.1
75 silly idealTree | +-- fg-lodash@0.0.2
75 silly idealTree | | +-- lodash@2.4.2
75 silly idealTree | | `-- underscore.string@2.3.3
75 silly idealTree | +-- figures@1.7.0
75 silly idealTree | +-- file-sync-cmp@0.1.1
75 silly idealTree | +-- finalhandler@1.0.3
75 silly idealTree | +-- find-up@1.1.2
75 silly idealTree | +-- findup-sync@0.3.0
75 silly idealTree | | `-- glob@5.0.15
75 silly idealTree | +-- forever-agent@0.6.1
75 silly idealTree | +-- form-data@2.1.4
75 silly idealTree | +-- fresh@0.5.0
75 silly idealTree | +-- fs-extra@0.26.7
75 silly idealTree | +-- fs.realpath@1.0.0
75 silly idealTree | +-- function-bind@1.1.0
75 silly idealTree | +-- gaze@1.1.2
75 silly idealTree | +-- generate-function@2.0.0
75 silly idealTree | +-- generate-object-property@1.2.0
75 silly idealTree | +-- get-stdin@4.0.1
75 silly idealTree | +-- getobject@0.1.0
75 silly idealTree | +-- getpass@0.1.7
75 silly idealTree | | `-- assert-plus@1.0.0
75 silly idealTree | +-- glob@7.0.6
75 silly idealTree | +-- globule@1.1.0
75 silly idealTree | | +-- glob@7.1.2
75 silly idealTree | | `-- lodash@4.16.6
75 silly idealTree | +-- gonzales-pe@3.0.0-28
75 silly idealTree | +-- graceful-fs@4.1.11
75 silly idealTree | +-- graceful-readlink@1.0.1
75 silly idealTree | +-- grunt-autoprefixer@3.0.4
75 silly idealTree | | +-- ansi-regex@1.1.1
75 silly idealTree | | +-- chalk@1.0.0
75 silly idealTree | | +-- has-ansi@1.0.3
75 silly idealTree | | +-- strip-ansi@2.0.1
75 silly idealTree | | `-- supports-color@1.3.1
75 silly idealTree | +-- grunt-contrib-clean@1.0.0
75 silly idealTree | | `-- rimraf@2.6.1
75 silly idealTree | +-- grunt-contrib-compress@1.3.0
75 silly idealTree | | `-- lodash@4.17.4
75 silly idealTree | +-- grunt-contrib-concat@1.0.1
75 silly idealTree | | `-- source-map@0.5.6
75 silly idealTree | +-- grunt-contrib-connect@1.0.2
75 silly idealTree | +-- grunt-contrib-copy@1.0.0
75 silly idealTree | +-- grunt-contrib-csslint@1.0.0
75 silly idealTree | +-- grunt-contrib-cssmin@1.0.2
75 silly idealTree | +-- grunt-contrib-htmlmin@1.5.0
75 silly idealTree | +-- grunt-contrib-jshint@1.0.0
75 silly idealTree | +-- grunt-contrib-less@1.3.0
75 silly idealTree | | `-- lodash@4.17.4
75 silly idealTree | +-- grunt-contrib-pug@1.0.0
75 silly idealTree | +-- grunt-contrib-qunit@0.7.0
75 silly idealTree | +-- grunt-contrib-uglify@1.0.2
75 silly idealTree | | `-- lodash@4.17.4
75 silly idealTree | +-- grunt-contrib-watch@1.0.0
75 silly idealTree | +-- grunt-csscomb@3.1.1
75 silly idealTree | +-- grunt-exec@1.0.1
75 silly idealTree | +-- grunt-html@8.0.2
75 silly idealTree | +-- grunt-jekyll@0.4.6
75 silly idealTree | +-- grunt-jscs@3.0.1
75 silly idealTree | | `-- lodash@4.6.1
75 silly idealTree | +-- grunt-known-options@1.1.0
75 silly idealTree | +-- grunt-legacy-log-utils@1.0.0
75 silly idealTree | | `-- lodash@4.3.0
75 silly idealTree | +-- grunt-legacy-log@1.0.0
75 silly idealTree | +-- grunt-legacy-util@1.0.0
75 silly idealTree | | `-- lodash@4.3.0
75 silly idealTree | +-- grunt-lib-phantomjs@0.6.0
75 silly idealTree | | `-- semver@1.0.14
75 silly idealTree | +-- grunt-saucelabs@9.0.0
75 silly idealTree | | `-- lodash@4.13.1
75 silly idealTree | +-- grunt@1.0.1
75 silly idealTree | | `-- grunt-cli@1.2.0
75 silly idealTree | +-- gzip-size@1.0.0
75 silly idealTree | +-- har-schema@1.0.5
75 silly idealTree | +-- har-validator@4.2.1
75 silly idealTree | +-- has-ansi@2.0.0
75 silly idealTree | +-- has-color@0.1.7
75 silly idealTree | +-- has@1.0.1
75 silly idealTree | +-- hasha@2.2.0
75 silly idealTree | +-- hawk@3.1.3
75 silly idealTree | +-- he@1.1.1
75 silly idealTree | +-- header-case@1.0.1
75 silly idealTree | +-- hoek@2.16.3
75 silly idealTree | +-- hooker@0.2.3
75 silly idealTree | +-- hosted-git-info@2.4.2
75 silly idealTree | +-- html-minifier@2.1.7
75 silly idealTree | | `-- commander@2.9.0
75 silly idealTree | +-- htmlparser2@3.8.3
75 silly idealTree | | +-- isarray@0.0.1
75 silly idealTree | | +-- readable-stream@1.1.14
75 silly idealTree | | `-- string_decoder@0.10.31
75 silly idealTree | +-- http-errors@1.6.1
75 silly idealTree | +-- http-signature@1.1.1
75 silly idealTree | +-- http2@3.3.6
75 silly idealTree | +-- https-proxy-agent@1.0.0
75 silly idealTree | +-- i@0.3.5
75 silly idealTree | +-- iconv-lite@0.4.17
75 silly idealTree | +-- image-size@0.4.0
75 silly idealTree | +-- indent-string@2.1.0
75 silly idealTree | +-- inflight@1.0.6
75 silly idealTree | +-- inherit@2.2.6
75 silly idealTree | +-- inherits@2.0.3
75 silly idealTree | +-- interpret@1.0.3
75 silly idealTree | +-- is-arrayish@0.2.1
75 silly idealTree | +-- is-buffer@1.1.5
75 silly idealTree | +-- is-builtin-module@1.0.0
75 silly idealTree | +-- is-expression@2.1.0
75 silly idealTree | +-- is-finite@1.0.2
75 silly idealTree | +-- is-lower-case@1.1.3
75 silly idealTree | +-- is-my-json-valid@2.16.0
75 silly idealTree | +-- is-promise@2.1.0
75 silly idealTree | +-- is-property@1.0.2
75 silly idealTree | +-- is-regex@1.0.4
75 silly idealTree | +-- is-stream@1.1.0
75 silly idealTree | +-- is-typedarray@1.0.0
75 silly idealTree | +-- is-upper-case@1.1.2
75 silly idealTree | +-- is-utf8@0.2.1
75 silly idealTree | +-- isarray@1.0.0
75 silly idealTree | +-- isexe@2.0.0
75 silly idealTree | +-- isstream@0.1.2
75 silly idealTree | +-- jodid25519@1.0.2
75 silly idealTree | +-- js-base64@2.1.9
75 silly idealTree | +-- js-stringify@1.0.2
75 silly idealTree | +-- js-yaml@3.5.5
75 silly idealTree | +-- jsbn@0.1.1
75 silly idealTree | +-- jscs-jsdoc@2.0.0
75 silly idealTree | +-- jscs-preset-wikimedia@1.0.0
75 silly idealTree | +-- jscs@3.0.7
75 silly idealTree | | +-- commander@2.9.0
75 silly idealTree | | +-- glob@5.0.15
75 silly idealTree | | +-- js-yaml@3.4.6
75 silly idealTree | | +-- uuid@2.0.3
75 silly idealTree | | +-- vow-fs@0.3.6
75 silly idealTree | | | `-- glob@7.1.2
75 silly idealTree | | +-- vow-queue@0.4.2
75 silly idealTree | | `-- vow@0.4.16
75 silly idealTree | +-- jsdoctypeparser@1.2.0
75 silly idealTree | +-- jshint@2.9.4
75 silly idealTree | | +-- lodash@3.7.0
75 silly idealTree | | `-- shelljs@0.3.0
75 silly idealTree | +-- json-schema@0.2.3
75 silly idealTree | +-- json-stable-stringify@1.0.1
75 silly idealTree | +-- json-stringify-safe@5.0.1
75 silly idealTree | +-- jsonfile@2.4.0
75 silly idealTree | +-- jsonify@0.0.0
75 silly idealTree | +-- jsonlint@1.6.2
75 silly idealTree | +-- jsonpointer@4.0.1
75 silly idealTree | +-- jsprim@1.4.0
75 silly idealTree | | `-- assert-plus@1.0.0
75 silly idealTree | +-- jstransformer@1.0.0
75 silly idealTree | +-- JSV@4.0.2
75 silly idealTree | +-- kew@0.7.0
75 silly idealTree | +-- kind-of@3.2.2
75 silly idealTree | +-- klaw@1.3.1
75 silly idealTree | +-- lazy-cache@1.0.4
75 silly idealTree | +-- lazystream@1.0.0
75 silly idealTree | +-- less@2.6.1
75 silly idealTree | | `-- source-map@0.5.6
75 silly idealTree | +-- linkify-it@2.0.3
75 silly idealTree | +-- livereload-js@2.2.2
75 silly idealTree | +-- load-grunt-tasks@3.5.2
75 silly idealTree | +-- load-json-file@1.1.0
75 silly idealTree | +-- lodash@3.10.1
75 silly idealTree | +-- longest@1.0.1
75 silly idealTree | +-- loud-rejection@1.6.0
75 silly idealTree | +-- lower-case-first@1.0.2
75 silly idealTree | +-- lower-case@1.1.4
75 silly idealTree | +-- lru-cache@2.7.3
75 silly idealTree | +-- map-obj@1.0.1
75 silly idealTree | +-- markdown-it@7.0.1
75 silly idealTree | | `-- entities@1.1.1
75 silly idealTree | +-- maxmin@1.1.0
75 silly idealTree | | `-- pretty-bytes@1.0.4
75 silly idealTree | +-- mdurl@1.0.1
75 silly idealTree | +-- media-typer@0.3.0
75 silly idealTree | +-- meow@3.7.0
75 silly idealTree | +-- mime-db@1.27.0
75 silly idealTree | +-- mime-types@2.1.15
75 silly idealTree | +-- mime@1.3.4
75 silly idealTree | +-- minimatch@3.0.4
75 silly idealTree | +-- minimist@1.2.0
75 silly idealTree | +-- mkdirp@0.5.1
75 silly idealTree | | `-- minimist@0.0.8
75 silly idealTree | +-- morgan@1.8.2
75 silly idealTree | | `-- debug@2.6.8
75 silly idealTree | +-- ms@2.0.0
75 silly idealTree | +-- multimatch@2.1.0
75 silly idealTree | +-- mute-stream@0.0.7
75 silly idealTree | +-- natural-compare@1.2.2
75 silly idealTree | +-- ncname@1.0.0
75 silly idealTree | +-- ncp@0.4.2
75 silly idealTree | +-- negotiator@0.6.1
75 silly idealTree | +-- no-case@2.3.1
75 silly idealTree | +-- node-uuid@1.4.0
75 silly idealTree | +-- nomnom@1.8.1
75 silly idealTree | | +-- ansi-styles@1.0.0
75 silly idealTree | | +-- chalk@0.4.0
75 silly idealTree | | `-- strip-ansi@0.1.1
75 silly idealTree | +-- nopt@3.0.6
75 silly idealTree | +-- normalize-package-data@2.3.8
75 silly idealTree | +-- normalize-path@2.1.1
75 silly idealTree | +-- num2fraction@1.2.2
75 silly idealTree | +-- number-is-nan@1.0.1
75 silly idealTree | +-- oauth-sign@0.8.2
75 silly idealTree | +-- object-assign@4.1.1
75 silly idealTree | +-- on-finished@2.3.0
75 silly idealTree | +-- on-headers@1.0.1
75 silly idealTree | +-- once@1.4.0
75 silly idealTree | +-- opn@4.0.2
75 silly idealTree | +-- os-tmpdir@1.0.2
75 silly idealTree | +-- package@1.0.1
75 silly idealTree | +-- pako@0.2.9
75 silly idealTree | +-- param-case@2.1.1
75 silly idealTree | +-- parse-json@2.2.0
75 silly idealTree | +-- parse-ms@1.0.1
75 silly idealTree | +-- parserlib@0.2.5
75 silly idealTree | +-- parseurl@1.3.1
75 silly idealTree | +-- pascal-case@2.0.1
75 silly idealTree | +-- path-case@2.1.1
75 silly idealTree | +-- path-exists@2.1.0
75 silly idealTree | +-- path-is-absolute@1.0.1
75 silly idealTree | +-- path-type@1.1.0
75 silly idealTree | +-- pathval@0.1.1
75 silly idealTree | +-- pend@1.2.0
75 silly idealTree | +-- performance-now@0.2.0
75 silly idealTree | +-- phantomjs@1.9.20
75 silly idealTree | | +-- async@2.4.1
75 silly idealTree | | +-- bl@1.0.3
75 silly idealTree | | +-- caseless@0.11.0
75 silly idealTree | | +-- commander@2.9.0
75 silly idealTree | | +-- form-data@1.0.1
75 silly idealTree | | +-- har-validator@2.0.6
75 silly idealTree | | +-- lodash@4.17.4
75 silly idealTree | | +-- node-uuid@1.4.8
75 silly idealTree | | +-- qs@5.2.1
75 silly idealTree | | +-- readable-stream@2.0.6
75 silly idealTree | | +-- request@2.67.0
75 silly idealTree | | +-- string_decoder@0.10.31
75 silly idealTree | | +-- tough-cookie@2.2.2
75 silly idealTree | | `-- tunnel-agent@0.4.3
75 silly idealTree | +-- pify@2.3.0
75 silly idealTree | +-- pinkie-promise@2.0.1
75 silly idealTree | +-- pinkie@2.0.4
75 silly idealTree | +-- pkg-up@1.0.0
75 silly idealTree | +-- pkginfo@0.4.0
75 silly idealTree | +-- plur@1.0.0
75 silly idealTree | +-- portscanner@1.2.0
75 silly idealTree | +-- postcss@4.1.16
75 silly idealTree | +-- pretty-bytes@3.0.1
75 silly idealTree | +-- pretty-ms@2.1.0
75 silly idealTree | +-- process-nextick-args@1.0.7
75 silly idealTree | +-- progress@1.1.8
75 silly idealTree | +-- promise@7.1.1
75 silly idealTree | +-- prompt@0.2.14
75 silly idealTree | +-- prr@0.0.0
75 silly idealTree | +-- pug-attrs@2.0.2
75 silly idealTree | +-- pug-code-gen@1.1.1
75 silly idealTree | +-- pug-error@1.3.2
75 silly idealTree | +-- pug-filters@2.1.2
75 silly idealTree | +-- pug-lexer@3.1.0
75 silly idealTree | | +-- acorn@4.0.13
75 silly idealTree | | `-- is-expression@3.0.0
75 silly idealTree | +-- pug-linker@3.0.0
75 silly idealTree | +-- pug-load@2.0.6
75 silly idealTree | +-- pug-parser@2.0.2
75 silly idealTree | +-- pug-runtime@2.0.3
75 silly idealTree | +-- pug-strip-comments@1.0.2
75 silly idealTree | +-- pug-walk@1.1.2
75 silly idealTree | +-- pug@2.0.0-rc.1
75 silly idealTree | +-- punycode@1.4.1
75 silly idealTree | +-- q@1.4.1
75 silly idealTree | +-- qs@6.4.0
75 silly idealTree | +-- range-parser@1.2.0
75 silly idealTree | +-- raw-body@2.1.7
75 silly idealTree | | +-- bytes@2.4.0
75 silly idealTree | | `-- iconv-lite@0.4.13
75 silly idealTree | +-- read-pkg-up@1.0.1
75 silly idealTree | +-- read-pkg@1.1.0
75 silly idealTree | +-- read@1.0.7
75 silly idealTree | +-- readable-stream@2.2.9
75 silly idealTree | +-- rechoir@0.6.2
75 silly idealTree | +-- redent@1.0.0
75 silly idealTree | +-- regenerator-runtime@0.10.5
75 silly idealTree | +-- relateurl@0.2.7
75 silly idealTree | +-- remove-trailing-separator@1.0.1
75 silly idealTree | +-- repeat-string@1.6.1
75 silly idealTree | +-- repeating@2.0.1
75 silly idealTree | +-- request-progress@2.0.1
75 silly idealTree | +-- request@2.81.0
75 silly idealTree | +-- requestretry@1.9.1
75 silly idealTree | +-- reserved-words@0.1.1
75 silly idealTree | +-- resolve-from@2.0.0
75 silly idealTree | +-- resolve-pkg@0.1.0
75 silly idealTree | +-- resolve@1.1.7
75 silly idealTree | +-- revalidator@0.1.8
75 silly idealTree | +-- right-align@0.1.3
75 silly idealTree | +-- rimraf@2.2.8
75 silly idealTree | +-- safe-buffer@5.0.1
75 silly idealTree | +-- sauce-tunnel@2.5.0
75 silly idealTree | +-- saucelabs@1.2.0
75 silly idealTree | +-- semver@5.3.0
75 silly idealTree | +-- send@0.15.3
75 silly idealTree | +-- sentence-case@2.1.1
75 silly idealTree | +-- serve-index@1.9.0
75 silly idealTree | | `-- debug@2.6.8
75 silly idealTree | +-- serve-static@1.12.3
75 silly idealTree | +-- setprototypeof@1.0.3
75 silly idealTree | +-- shelljs@0.7.7
75 silly idealTree | +-- shx@0.1.4
75 silly idealTree | +-- sigmund@1.0.1
75 silly idealTree | +-- signal-exit@3.0.2
75 silly idealTree | +-- snake-case@2.1.0
75 silly idealTree | +-- sntp@1.0.9
75 silly idealTree | +-- source-map-support@0.4.15
75 silly idealTree | | `-- source-map@0.5.6
75 silly idealTree | +-- source-map@0.4.4
75 silly idealTree | +-- spdx-correct@1.0.2
75 silly idealTree | +-- spdx-expression-parse@1.0.4
75 silly idealTree | +-- spdx-license-ids@1.2.2
75 silly idealTree | +-- split@1.0.0
75 silly idealTree | +-- sprintf-js@1.0.3
75 silly idealTree | +-- sshpk@1.13.0
75 silly idealTree | | `-- assert-plus@1.0.0
75 silly idealTree | +-- stack-trace@0.0.10
75 silly idealTree | +-- statuses@1.3.1
75 silly idealTree | +-- stream-buffers@2.2.0
75 silly idealTree | +-- string_decoder@1.0.1
75 silly idealTree | +-- stringstream@0.0.5
75 silly idealTree | +-- strip-ansi@3.0.1
75 silly idealTree | +-- strip-bom@2.0.0
75 silly idealTree | +-- strip-indent@1.0.1
75 silly idealTree | +-- strip-json-comments@1.0.4
75 silly idealTree | +-- supports-color@2.0.0
75 silly idealTree | +-- swap-case@1.1.2
75 silly idealTree | +-- tar-stream@1.5.4
75 silly idealTree | +-- temporary@0.0.8
75 silly idealTree | +-- text-table@0.2.0
75 silly idealTree | +-- throttleit@1.0.0
75 silly idealTree | +-- through@2.3.8
75 silly idealTree | +-- time-grunt@1.4.0
75 silly idealTree | +-- time-zone@0.1.0
75 silly idealTree | +-- tiny-lr@0.2.1
75 silly idealTree | | +-- debug@2.2.0
75 silly idealTree | | +-- ms@0.7.1
75 silly idealTree | | `-- qs@5.1.0
75 silly idealTree | +-- title-case@2.1.1
75 silly idealTree | +-- tmp@0.0.31
75 silly idealTree | +-- to-double-quotes@2.0.0
75 silly idealTree | +-- to-single-quotes@2.0.1
75 silly idealTree | +-- token-stream@0.0.1
75 silly idealTree | +-- tough-cookie@2.3.2
75 silly idealTree | +-- trim-newlines@1.0.0
75 silly idealTree | +-- tunnel-agent@0.6.0
75 silly idealTree | +-- tweetnacl@0.14.5
75 silly idealTree | +-- type-is@1.6.15
75 silly idealTree | +-- typedarray@0.0.6
75 silly idealTree | +-- uc.micro@1.0.3
75 silly idealTree | +-- uglify-js@2.6.4
75 silly idealTree | | +-- async@0.2.10
75 silly idealTree | | `-- source-map@0.5.6
75 silly idealTree | +-- uglify-to-browserify@1.0.2
75 silly idealTree | +-- underscore.string@3.2.3
75 silly idealTree | +-- underscore@1.6.0
75 silly idealTree | +-- unpipe@1.0.0
75 silly idealTree | +-- upper-case-first@1.1.2
75 silly idealTree | +-- upper-case@1.1.3
75 silly idealTree | +-- uri-path@1.0.0
75 silly idealTree | +-- util-deprecate@1.0.2
75 silly idealTree | +-- utile@0.2.1
75 silly idealTree | | `-- async@0.2.10
75 silly idealTree | +-- utils-merge@1.0.0
75 silly idealTree | +-- uuid@3.0.1
75 silly idealTree | +-- validate-npm-package-license@3.0.1
75 silly idealTree | +-- verror@1.3.6
75 silly idealTree | +-- void-elements@2.0.1
75 silly idealTree | +-- vow-fs@0.3.2
75 silly idealTree | | +-- glob@3.2.8
75 silly idealTree | | `-- minimatch@0.2.14
75 silly idealTree | +-- vow-queue@0.3.1
75 silly idealTree | +-- vow@0.4.4
75 silly idealTree | +-- walkdir@0.0.11
75 silly idealTree | +-- websocket-driver@0.6.5
75 silly idealTree | +-- websocket-extensions@0.1.1
75 silly idealTree | +-- when@3.7.8
75 silly idealTree | +-- which@1.2.14
75 silly idealTree | +-- window-size@0.1.0
75 silly idealTree | +-- winston@0.8.3
75 silly idealTree | | +-- async@0.2.10
75 silly idealTree | | +-- colors@0.6.2
75 silly idealTree | | `-- pkginfo@0.3.1
75 silly idealTree | +-- with@5.1.1
75 silly idealTree | +-- wordwrap@0.0.2
75 silly idealTree | +-- wrappy@1.0.2
75 silly idealTree | +-- xml-char-classes@1.0.0
75 silly idealTree | +-- xmlbuilder@3.1.0
75 silly idealTree | +-- xtend@4.0.1
75 silly idealTree | +-- yargs@3.10.0
75 silly idealTree | | `-- camelcase@1.2.1
75 silly idealTree | +-- yauzl@2.4.1
75 silly idealTree | `-- zip-stream@1.1.1
75 silly idealTree |   `-- lodash@4.17.4
75 silly idealTree +-- brace-expansion@1.1.7
75 silly idealTree +-- bunyan@1.8.10
75 silly idealTree +-- bytes@2.4.0
75 silly idealTree +-- camelcase@1.2.1
75 silly idealTree +-- caseless@0.12.0
75 silly idealTree +-- center-align@0.1.3
75 silly idealTree +-- character-parser@1.2.1
75 silly idealTree +-- clean-css@3.4.26
75 silly idealTree | `-- commander@2.8.1
75 silly idealTree +-- cliui@2.1.0
75 silly idealTree | `-- wordwrap@0.0.2
75 silly idealTree +-- co@4.6.0
75 silly idealTree +-- combined-stream@1.0.5
75 silly idealTree +-- commander@2.6.0
75 silly idealTree +-- concat-map@0.0.1
75 silly idealTree +-- constantinople@3.0.2
75 silly idealTree +-- content-disposition@0.5.2
75 silly idealTree +-- content-type@1.0.2
75 silly idealTree +-- cookie-parser@1.4.3
75 silly idealTree +-- cookie-signature@1.0.6
75 silly idealTree +-- cookie@0.3.1
75 silly idealTree +-- core-js@2.4.1
75 silly idealTree +-- core-util-is@1.0.2
75 silly idealTree +-- crc@3.4.4
75 silly idealTree +-- cryptiles@2.0.5
75 silly idealTree +-- css-parse@1.0.4
75 silly idealTree +-- css-stringify@1.0.5
75 silly idealTree +-- css@1.0.8
75 silly idealTree +-- dashdash@1.14.1
75 silly idealTree | `-- assert-plus@1.0.0
75 silly idealTree +-- debug@2.6.8
75 silly idealTree +-- decamelize@1.2.0
75 silly idealTree +-- delayed-stream@1.0.0
75 silly idealTree +-- depd@1.1.0
75 silly idealTree +-- destroy@1.0.4
75 silly idealTree +-- doctypes@1.1.0
75 silly idealTree +-- dtrace-provider@0.8.2
75 silly idealTree +-- ecc-jsbn@0.1.1
75 silly idealTree +-- ee-first@1.1.1
75 silly idealTree +-- encodeurl@1.0.1
75 silly idealTree +-- escape-html@1.0.3
75 silly idealTree +-- etag@1.8.0
75 silly idealTree +-- express-session@1.15.3
75 silly idealTree | `-- debug@2.6.7
75 silly idealTree +-- express@4.15.3
75 silly idealTree | `-- debug@2.6.7
75 silly idealTree +-- extend@3.0.1
75 silly idealTree +-- extsprintf@1.0.2
75 silly idealTree +-- finalhandler@1.0.3
75 silly idealTree | `-- debug@2.6.7
75 silly idealTree +-- forever-agent@0.6.1
75 silly idealTree +-- form-data@2.1.4
75 silly idealTree +-- forwarded@0.1.0
75 silly idealTree +-- fresh@0.5.0
75 silly idealTree +-- function-bind@1.1.0
75 silly idealTree +-- generic-pool@3.1.7
75 silly idealTree +-- getpass@0.1.7
75 silly idealTree | `-- assert-plus@1.0.0
75 silly idealTree +-- glob@6.0.4
75 silly idealTree +-- graceful-readlink@1.0.1
75 silly idealTree +-- handlebars@4.0.10
75 silly idealTree | `-- optimist@0.6.1
75 silly idealTree +-- har-schema@1.0.5
75 silly idealTree +-- har-validator@4.2.1
75 silly idealTree +-- has@1.0.1
75 silly idealTree +-- hawk@3.1.3
75 silly idealTree +-- hoek@2.16.3
75 silly idealTree +-- http-errors@1.6.1
75 silly idealTree +-- http-signature@1.1.1
75 silly idealTree +-- iconv-lite@0.4.15
75 silly idealTree +-- inflight@1.0.6
75 silly idealTree +-- inherits@2.0.3
75 silly idealTree +-- ipaddr.js@1.3.0
75 silly idealTree +-- is-buffer@1.1.5
75 silly idealTree +-- is-expression@3.0.0
75 silly idealTree | `-- acorn@4.0.13
75 silly idealTree +-- is-promise@2.1.0
75 silly idealTree +-- is-regex@1.0.4
75 silly idealTree +-- is-typedarray@1.0.0
75 silly idealTree +-- isarray@1.0.0
75 silly idealTree +-- isstream@0.1.2
75 silly idealTree +-- jade@1.11.0
75 silly idealTree +-- jodid25519@1.0.2
75 silly idealTree +-- js-stringify@1.0.2
75 silly idealTree +-- jsbn@0.1.1
75 silly idealTree +-- json-schema@0.2.3
75 silly idealTree +-- json-stable-stringify@1.0.1
75 silly idealTree +-- json-stringify-safe@5.0.1
75 silly idealTree +-- jsonify@0.0.0
75 silly idealTree +-- jsprim@1.4.0
75 silly idealTree | `-- assert-plus@1.0.0
75 silly idealTree +-- jstransformer@0.0.2
75 silly idealTree +-- kind-of@3.2.2
75 silly idealTree +-- lazy-cache@1.0.4
75 silly idealTree +-- ldap-filter@0.2.2
75 silly idealTree | `-- assert-plus@0.1.5
75 silly idealTree +-- ldapjs@1.0.1
75 silly idealTree | +-- assert-plus@1.0.0
75 silly idealTree | +-- dtrace-provider@0.7.1
75 silly idealTree | +-- extsprintf@1.3.0
75 silly idealTree | `-- verror@1.10.0
75 silly idealTree +-- longest@1.0.1
75 silly idealTree +-- media-typer@0.3.0
75 silly idealTree +-- merge-descriptors@1.0.1
75 silly idealTree +-- methods@1.1.2
75 silly idealTree +-- mime-db@1.27.0
75 silly idealTree +-- mime-types@2.1.15
75 silly idealTree +-- mime@1.3.4
75 silly idealTree +-- minimatch@3.0.4
75 silly idealTree +-- minimist@0.0.8
75 silly idealTree +-- mkdirp@0.5.1
75 silly idealTree +-- moment@2.18.1
75 silly idealTree +-- morgan@1.8.2
75 silly idealTree +-- ms@2.0.0
75 silly idealTree +-- msnodesql@0.2.1
75 silly idealTree +-- msnodesqlv8@0.2.16
75 silly idealTree +-- mssql@4.0.4
75 silly idealTree +-- mv@2.1.1
75 silly idealTree +-- nan@2.6.2
75 silly idealTree +-- ncp@2.0.0
75 silly idealTree +-- negotiator@0.6.1
75 silly idealTree +-- oauth-sign@0.8.2
75 silly idealTree +-- object-assign@4.1.1
75 silly idealTree +-- on-finished@2.3.0
75 silly idealTree +-- on-headers@1.0.1
75 silly idealTree +-- once@1.4.0
75 silly idealTree +-- optimist@0.3.7
75 silly idealTree +-- parseurl@1.3.1
75 silly idealTree +-- path-is-absolute@1.0.1
75 silly idealTree +-- path-parse@1.0.5
75 silly idealTree +-- path-to-regexp@0.1.7
75 silly idealTree +-- performance-now@0.2.0
75 silly idealTree +-- precond@0.2.3
75 silly idealTree +-- process-nextick-args@1.0.7
75 silly idealTree +-- promise@6.1.0
75 silly idealTree +-- proxy-addr@1.1.4
75 silly idealTree +-- pug-attrs@2.0.2
75 silly idealTree +-- pug-code-gen@1.1.1
75 silly idealTree | +-- acorn-globals@3.1.0
75 silly idealTree | | `-- acorn@4.0.13
75 silly idealTree | +-- acorn@3.3.0
75 silly idealTree | `-- with@5.1.1
75 silly idealTree +-- pug-error@1.3.2
75 silly idealTree +-- pug-filters@2.1.3
75 silly idealTree | +-- asap@2.0.5
75 silly idealTree | +-- jstransformer@1.0.0
75 silly idealTree | `-- promise@7.1.1
75 silly idealTree +-- pug-lexer@3.1.0
75 silly idealTree | `-- character-parser@2.2.0
75 silly idealTree +-- pug-linker@3.0.1
75 silly idealTree +-- pug-load@2.0.7
75 silly idealTree +-- pug-parser@3.0.0
75 silly idealTree +-- pug-runtime@2.0.3
75 silly idealTree +-- pug-strip-comments@1.0.2
75 silly idealTree +-- pug-walk@1.1.3
75 silly idealTree +-- pug@2.0.0-rc.2
75 silly idealTree +-- punycode@1.4.1
75 silly idealTree +-- qs@6.4.0
75 silly idealTree +-- random-bytes@1.0.0
75 silly idealTree +-- range-parser@1.2.0
75 silly idealTree +-- raw-body@2.2.0
75 silly idealTree +-- readable-stream@2.2.10
75 silly idealTree +-- regenerator-runtime@0.10.5
75 silly idealTree +-- repeat-string@1.6.1
75 silly idealTree +-- request@2.81.0
75 silly idealTree +-- resolve@1.3.3
75 silly idealTree +-- right-align@0.1.3
75 silly idealTree +-- rimraf@2.4.5
75 silly idealTree +-- safe-buffer@5.0.1
75 silly idealTree +-- safe-json-stringify@1.0.4
75 silly idealTree +-- send@0.15.3
75 silly idealTree | `-- debug@2.6.7
75 silly idealTree +-- serve-favicon@2.4.3
75 silly idealTree +-- serve-static@1.12.3
75 silly idealTree +-- setprototypeof@1.0.3
75 silly idealTree +-- sntp@1.0.9
75 silly idealTree +-- source-map@0.4.4
75 silly idealTree +-- sprintf@0.1.5
75 silly idealTree +-- sshpk@1.13.0
75 silly idealTree | `-- assert-plus@1.0.0
75 silly idealTree +-- statuses@1.3.1
75 silly idealTree +-- string_decoder@1.0.1
75 silly idealTree +-- stringstream@0.0.5
75 silly idealTree +-- tedious@2.0.0
75 silly idealTree +-- token-stream@0.0.1
75 silly idealTree +-- tough-cookie@2.3.2
75 silly idealTree +-- transformers@2.1.0
75 silly idealTree | +-- is-promise@1.0.1
75 silly idealTree | +-- promise@2.0.0
75 silly idealTree | +-- source-map@0.1.43
75 silly idealTree | `-- uglify-js@2.2.5
75 silly idealTree +-- tunnel-agent@0.6.0
75 silly idealTree +-- tweetnacl@0.14.5
75 silly idealTree +-- type-is@1.6.15
75 silly idealTree +-- uglify-js@2.8.27
75 silly idealTree | `-- source-map@0.5.6
75 silly idealTree +-- uglify-to-browserify@1.0.2
75 silly idealTree +-- uid-safe@2.1.4
75 silly idealTree +-- underscore@1.8.3
75 silly idealTree +-- unpipe@1.0.0
75 silly idealTree +-- util-deprecate@1.0.2
75 silly idealTree +-- utils-merge@1.0.0
75 silly idealTree +-- uuid@3.0.1
75 silly idealTree +-- vary@1.1.1
75 silly idealTree +-- vasync@1.6.4
75 silly idealTree | +-- extsprintf@1.2.0
75 silly idealTree | `-- verror@1.6.0
75 silly idealTree +-- verror@1.3.6
75 silly idealTree +-- void-elements@2.0.1
75 silly idealTree +-- window-size@0.1.0
75 silly idealTree +-- with@4.0.3
75 silly idealTree | `-- acorn@1.2.2
75 silly idealTree +-- wordwrap@0.0.3
75 silly idealTree +-- wrappy@1.0.2
75 silly idealTree `-- yargs@3.10.0
76 silly generateActionsToTake Starting
77 silly install generateActionsToTake
78 silly generateActionsToTake Finishing
79 silly diffTrees action count 1
80 silly diffTrees add msnodesql@0.2.1
81 silly decomposeActions action count 8
82 silly decomposeActions fetch msnodesql@0.2.1
83 silly decomposeActions extract msnodesql@0.2.1
84 silly decomposeActions test msnodesql@0.2.1
85 silly decomposeActions preinstall msnodesql@0.2.1
86 silly decomposeActions build msnodesql@0.2.1
87 silly decomposeActions install msnodesql@0.2.1
88 silly decomposeActions postinstall msnodesql@0.2.1
89 silly decomposeActions finalize msnodesql@0.2.1
90 silly runTopLevelLifecycles Starting
91 silly executeActions Starting
92 silly install executeActions
93 silly doSerial global-install 0
94 silly doParallel fetch 1
95 verbose correctMkdir C:\Users\jotis\AppData\Roaming\npm-cache\_locks correctMkdir not in flight; initializing
96 verbose lock using C:\Users\jotis\AppData\Roaming\npm-cache\_locks\staging-f90172e728dbdc01.lock for C:\Users\jotis\WebstormProjects\AcadianSite\node_modules\.staging
97 silly doParallel extract 1
98 silly extract msnodesql@0.2.1
99 verbose unbuild node_modules\.staging\msnodesql-94ff46f5
100 silly gentlyRm C:\Users\jotis\WebstormProjects\AcadianSite\node_modules\.staging\msnodesql-94ff46f5 is being purged from base C:\Users\jotis\WebstormProjects\AcadianSite
101 verbose gentlyRm don't care about contents; nuking C:\Users\jotis\WebstormProjects\AcadianSite\node_modules\.staging\msnodesql-94ff46f5
102 verbose tar unpack C:\Users\jotis\AppData\Roaming\npm-cache\msnodesql\0.2.1\package.tgz
103 verbose tar unpacking to C:\Users\jotis\WebstormProjects\AcadianSite\node_modules\.staging\msnodesql-94ff46f5
104 silly gentlyRm C:\Users\jotis\WebstormProjects\AcadianSite\node_modules\.staging\msnodesql-94ff46f5 is being purged
105 verbose gentlyRm don't care about contents; nuking C:\Users\jotis\WebstormProjects\AcadianSite\node_modules\.staging\msnodesql-94ff46f5
106 silly gunzTarPerm modes [ '777', '666' ]
107 silly gunzTarPerm extractEntry package.json
108 silly gunzTarPerm modified mode [ 'package.json', 420, 438 ]
109 silly gunzTarPerm extractEntry .npmignore
110 silly gunzTarPerm modified mode [ '.npmignore', 420, 438 ]
111 silly gunzTarPerm extractEntry README.md
112 silly gunzTarPerm modified mode [ 'README.md', 420, 438 ]
113 silly gunzTarPerm extractEntry LICENSE
114 silly gunzTarPerm modified mode [ 'LICENSE', 420, 438 ]
115 silly gunzTarPerm extractEntry key
116 silly gunzTarPerm modified mode [ 'key', 420, 438 ]
117 silly gunzTarPerm extractEntry lib/sql.js
118 silly gunzTarPerm modified mode [ 'lib/sql.js', 420, 438 ]
119 silly gunzTarPerm extractEntry lib/sqlserver.native.js
120 silly gunzTarPerm modified mode [ 'lib/sqlserver.native.js', 420, 438 ]
121 silly gunzTarPerm extractEntry binding.gyp
122 silly gunzTarPerm modified mode [ 'binding.gyp', 420, 438 ]
123 silly gunzTarPerm extractEntry CONTRIBUTORS
124 silly gunzTarPerm modified mode [ 'CONTRIBUTORS', 420, 438 ]
125 silly gunzTarPerm extractEntry CONTRIBUTING.md
126 silly gunzTarPerm modified mode [ 'CONTRIBUTING.md', 420, 438 ]
127 silly gunzTarPerm extractEntry scripts/install.js
128 silly gunzTarPerm modified mode [ 'scripts/install.js', 420, 438 ]
129 silly gunzTarPerm extractEntry src/OdbcHandle.h
130 silly gunzTarPerm modified mode [ 'src/OdbcHandle.h', 420, 438 ]
131 silly gunzTarPerm extractEntry src/Column.cpp
132 silly gunzTarPerm modified mode [ 'src/Column.cpp', 420, 438 ]
133 silly gunzTarPerm extractEntry src/Connection.cpp
134 silly gunzTarPerm modified mode [ 'src/Connection.cpp', 420, 438 ]
135 silly gunzTarPerm extractEntry src/Connection.h
136 silly gunzTarPerm modified mode [ 'src/Connection.h', 420, 438 ]
137 silly gunzTarPerm extractEntry src/CriticalSection.h
138 silly gunzTarPerm modified mode [ 'src/CriticalSection.h', 420, 438 ]
139 silly gunzTarPerm extractEntry src/OdbcConnection.cpp
140 silly gunzTarPerm modified mode [ 'src/OdbcConnection.cpp', 420, 438 ]
141 silly gunzTarPerm extractEntry src/OdbcConnection.h
142 silly gunzTarPerm modified mode [ 'src/OdbcConnection.h', 420, 438 ]
143 silly gunzTarPerm extractEntry src/OdbcConnectionBridge.h
144 silly gunzTarPerm modified mode [ 'src/OdbcConnectionBridge.h', 420, 438 ]
145 silly gunzTarPerm extractEntry src/OdbcError.cpp
146 silly gunzTarPerm modified mode [ 'src/OdbcError.cpp', 420, 438 ]
147 silly gunzTarPerm extractEntry src/OdbcError.h
148 silly gunzTarPerm modified mode [ 'src/OdbcError.h', 420, 438 ]
149 silly gunzTarPerm extractEntry src/Column.h
150 silly gunzTarPerm modified mode [ 'src/Column.h', 420, 438 ]
151 silly gunzTarPerm extractEntry src/OdbcOperation.cpp
152 silly gunzTarPerm modified mode [ 'src/OdbcOperation.cpp', 420, 438 ]
153 silly gunzTarPerm extractEntry src/OdbcOperation.h
154 silly gunzTarPerm modified mode [ 'src/OdbcOperation.h', 420, 438 ]
155 silly gunzTarPerm extractEntry src/Operation.h
156 silly gunzTarPerm modified mode [ 'src/Operation.h', 420, 438 ]
157 silly gunzTarPerm extractEntry src/ResultSet.cpp
158 silly gunzTarPerm modified mode [ 'src/ResultSet.cpp', 420, 438 ]
159 silly gunzTarPerm extractEntry src/ResultSet.h
160 silly gunzTarPerm modified mode [ 'src/ResultSet.h', 420, 438 ]
161 silly gunzTarPerm extractEntry src/sqlncli.h
162 silly gunzTarPerm modified mode [ 'src/sqlncli.h', 420, 438 ]
163 silly gunzTarPerm extractEntry src/stdafx.cpp
164 silly gunzTarPerm modified mode [ 'src/stdafx.cpp', 420, 438 ]
165 silly gunzTarPerm extractEntry src/stdafx.h
166 silly gunzTarPerm modified mode [ 'src/stdafx.h', 420, 438 ]
167 silly gunzTarPerm extractEntry src/Utility.cpp
168 silly gunzTarPerm modified mode [ 'src/Utility.cpp', 420, 438 ]
169 silly gunzTarPerm extractEntry src/Utility.h
170 silly gunzTarPerm modified mode [ 'src/Utility.h', 420, 438 ]
171 silly gunzTarPerm extractEntry test/CommonTestFunctions.js
172 silly gunzTarPerm modified mode [ 'test/CommonTestFunctions.js', 420, 438 ]
173 silly gunzTarPerm extractEntry test/connect.js
174 silly gunzTarPerm modified mode [ 'test/connect.js', 420, 438 ]
175 silly gunzTarPerm extractEntry test/datatypes.js
176 silly gunzTarPerm modified mode [ 'test/datatypes.js', 420, 438 ]
177 silly gunzTarPerm extractEntry test/dates.js
178 silly gunzTarPerm modified mode [ 'test/dates.js', 420, 438 ]
179 silly gunzTarPerm extractEntry test/compoundqueries.js
180 silly gunzTarPerm modified mode [ 'test/compoundqueries.js', 420, 438 ]
181 silly gunzTarPerm extractEntry test/query.js
182 silly gunzTarPerm modified mode [ 'test/query.js', 420, 438 ]
183 silly gunzTarPerm extractEntry test/runtests.js
184 silly gunzTarPerm modified mode [ 'test/runtests.js', 420, 438 ]
185 silly gunzTarPerm extractEntry test/test-config.js
186 silly gunzTarPerm modified mode [ 'test/test-config.js', 420, 438 ]
187 silly gunzTarPerm extractEntry test/txn.js
188 silly gunzTarPerm modified mode [ 'test/txn.js', 420, 438 ]
189 silly gunzTarPerm extractEntry test/params.js
190 silly gunzTarPerm modified mode [ 'test/params.js', 420, 438 ]
191 silly gunzTarPerm extractEntry test/testlist.txt
192 silly gunzTarPerm modified mode [ 'test/testlist.txt', 420, 438 ]
193 silly gentlyRm C:\Users\jotis\WebstormProjects\AcadianSite\node_modules\.staging\msnodesql-94ff46f5\node_modules is being purged
194 verbose gentlyRm don't care about contents; nuking C:\Users\jotis\WebstormProjects\AcadianSite\node_modules\.staging\msnodesql-94ff46f5\node_modules
195 silly doParallel preinstall 1
196 silly preinstall msnodesql@0.2.1 C:\Users\jotis\WebstormProjects\AcadianSite\node_modules\.staging\msnodesql-94ff46f5
197 info lifecycle msnodesql@0.2.1~preinstall: msnodesql@0.2.1
198 silly lifecycle msnodesql@0.2.1~preinstall: no script for preinstall, continuing
199 silly doReverseSerial remove 0
200 silly doSerial move 0
201 silly doSerial finalize 1
202 silly finalize C:\Users\jotis\WebstormProjects\AcadianSite\node_modules\msnodesql
203 silly doSerial build 1
204 silly build msnodesql@0.2.1
205 info linkStuff msnodesql@0.2.1
206 silly linkStuff msnodesql@0.2.1 has C:\Users\jotis\WebstormProjects\AcadianSite\node_modules as its parent node_modules
207 verbose linkBins msnodesql@0.2.1
208 verbose linkMans msnodesql@0.2.1
209 silly doSerial global-link 0
210 silly doParallel update-linked 0
211 silly doSerial install 1
212 silly install msnodesql@0.2.1 C:\Users\jotis\WebstormProjects\AcadianSite\node_modules\.staging\msnodesql-94ff46f5
213 info lifecycle msnodesql@0.2.1~install: msnodesql@0.2.1
214 verbose lifecycle msnodesql@0.2.1~install: unsafe-perm in lifecycle true
215 verbose lifecycle msnodesql@0.2.1~install: PATH: C:\Program Files\nodejs\node_modules\npm\bin\node-gyp-bin;C:\Users\jotis\WebstormProjects\AcadianSite\node_modules\msnodesql\node_modules\.bin;C:\Users\jotis\WebstormProjects\AcadianSite\node_modules\.bin;C:\Program Files\Python36\Scripts\;C:\Program Files\Python36\;C:\Windows\system32\WindowsPowerShell\v1.0\;C:\Sybase\DBISQL\bin;C:\Sybase\DataAccess64\ADONET\dll;C:\Sybase\DataAccess\ADONET\dll;C:\Sybase\DataAccess64\ODBC\dll;C:\Sybase\DataAccess\ODBC\dll;C:\Sybase\DataAccess64\OLEDB\dll;C:\Sybase\DataAccess\OLEDB\dll;C:\Sybase\OCS-15_0\lib3p64;C:\Sybase\OCS-15_0\lib3p;C:\Sybase\OCS-15_0\dll;C:\Sybase\OCS-15_0\bin;C:\Windows\system32;C:\Windows;C:\Windows\System32\Wbem;C:\Windows\System32\WindowsPowerShell\v1.0\;C:\Program Files (x86)\Common Files\Citrix\System32\;C:\Program Files (x86)\Citrix\ICAService\;C:\Program Files (x86)\Citrix\System32\;C:\Program Files (x86)\Intel\OpenCL SDK\2.0\bin\x86;C:\Program Files (x86)\Intel\OpenCL SDK\2.0\bin\x64;C:\Go\bin;C:\Program Files\Microsoft SQL Server\120\DTS\Binn\;C:\Program Files\Microsoft SQL Server\Client SDK\ODBC\110\Tools\Binn\;C:\Program Files (x86)\Microsoft SQL Server\120\Tools\Binn\;C:\Program Files\Microsoft SQL Server\120\Tools\Binn\;C:\Program Files (x86)\Microsoft SQL Server\120\Tools\Binn\ManagementStudio\;C:\Program Files (x86)\Microsoft SQL Server\120\DTS\Binn\;C:\Windows\System32\WindowsPowerShell\v1.0\;C:\Program Files\ASCI\ActiveBatchV9\;C:\Program Files\Perforce;C:\Program Files\Perforce\DVCS\;C:\Program Files\PuTTY\;C:\Program Files\Microsoft SQL Server\130\Tools\Binn\;C:\Program Files\dotnet\;C:\Program Files\Git\cmd;C:\Program Files\Python36;C:\Windows\system32\config\systemprofile\.dnx\bin;C:\Program Files\Microsoft DNX\Dnvm\;C:\Program Files\nodejs\;C:\Windows\system32\WindowsPowerShell\v1.0\;C:\Sybase\DBISQL\bin;C:\Sybase\DataAccess64\ADONET\dll;C:\Sybase\DataAccess\ADONET\dll;C:\Sybase\DataAccess64\ODBC\dll;C:\Sybase\DataAccess\ODBC\dll;C:\Sybase\DataAccess64\OLEDB\dll;C:\Sybase\DataAccess\OLEDB\dll;C:\Sybase\OCS-15_0\lib3p64;C:\Sybase\OCS-15_0\lib3p;C:\Sybase\OCS-15_0\dll;C:\Sybase\OCS-15_0\bin;C:\Windows\system32;C:\Windows;C:\Windows\System32\Wbem;C:\Windows\System32\WindowsPowerShell\v1.0\;C:\Program Files (x86)\Common Files\Citrix\System32\;C:\Program Files (x86)\Citrix\ICAService\;C:\Program Files (x86)\Citrix\System32\;C:\Program Files (x86)\Intel\OpenCL SDK\2.0\bin\x86;C:\Program Files (x86)\Intel\OpenCL SDK\2.0\bin\x64;C:\Go\bin;C:\Program Files\Microsoft SQL Server\120\DTS\Binn\;C:\Program Files\Microsoft SQL Server\Client SDK\ODBC\110\Tools\Binn\;C:\Program Files (x86)\Microsoft SQL Server\120\Tools\Binn\;C:\Program Files\Microsoft SQL Server\120\Tools\Binn\;C:\Program Files (x86)\Microsoft SQL Server\120\Tools\Binn\ManagementStudio\;C:\Program Files (x86)\Microsoft SQL Server\120\DTS\Binn\;C:\Windows\System32\WindowsPowerShell\v1.0\;C:\Program Files\ASCI\ActiveBatchV9\;C:\Program Files\Perforce;C:\Program Files\Perforce\DVCS\;C:\Program Files\PuTTY\;C:\Program Files\Microsoft SQL Server\130\Tools\Binn\;C:\Program Files\dotnet\;C:\Program Files\Git\cmd;C:\Program Files\Python36;C:\Program Files (x86)\Microsoft VS Code\bin;C:\Users\jotis\AppData\Roaming\npm
216 verbose lifecycle msnodesql@0.2.1~install: CWD: C:\Users\jotis\WebstormProjects\AcadianSite\node_modules\msnodesql
217 silly lifecycle msnodesql@0.2.1~install: Args: [ '/d /s /c', 'node scripts/install.js' ]
218 silly lifecycle msnodesql@0.2.1~install: Returned: code: 1  signal: null
219 info lifecycle msnodesql@0.2.1~install: Failed to exec install script
220 verbose unlock done using C:\Users\jotis\AppData\Roaming\npm-cache\_locks\staging-f90172e728dbdc01.lock for C:\Users\jotis\WebstormProjects\AcadianSite\node_modules\.staging
221 silly rollbackFailedOptional Starting
222 silly rollbackFailedOptional Finishing
223 silly runTopLevelLifecycles Finishing
224 silly install printInstalled
225 verbose stack Error: msnodesql@0.2.1 install: `node scripts/install.js`
225 verbose stack Exit status 1
225 verbose stack     at EventEmitter.<anonymous> (C:\Program Files\nodejs\node_modules\npm\lib\utils\lifecycle.js:255:16)
225 verbose stack     at emitTwo (events.js:106:13)
225 verbose stack     at EventEmitter.emit (events.js:191:7)
225 verbose stack     at ChildProcess.<anonymous> (C:\Program Files\nodejs\node_modules\npm\lib\utils\spawn.js:40:14)
225 verbose stack     at emitTwo (events.js:106:13)
225 verbose stack     at ChildProcess.emit (events.js:191:7)
225 verbose stack     at maybeClose (internal/child_process.js:886:16)
225 verbose stack     at Process.ChildProcess._handle.onexit (internal/child_process.js:226:5)
226 verbose pkgid msnodesql@0.2.1
227 verbose cwd C:\Users\jotis\WebstormProjects\AcadianSite
228 error Windows_NT 6.1.7601
229 error argv "C:\\Program Files\\nodejs\\node.exe" "C:\\Program Files\\nodejs\\node_modules\\npm\\bin\\npm-cli.js" "install" "msnodesql" "--save"
230 error node v6.10.3
231 error npm  v3.10.10
232 error code ELIFECYCLE
233 error msnodesql@0.2.1 install: `node scripts/install.js`
233 error Exit status 1
234 error Failed at the msnodesql@0.2.1 install script 'node scripts/install.js'.
234 error Make sure you have the latest version of node.js and npm installed.
234 error If you do, this is most likely a problem with the msnodesql package,
234 error not with npm itself.
234 error Tell the author that this fails on your system:
234 error     node scripts/install.js
234 error You can get information on how to open an issue for this project with:
234 error     npm bugs msnodesql
234 error Or if that isn't available, you can get their info via:
234 error     npm owner ls msnodesql
234 error There is likely additional logging output above.
235 verbose exit [ 1, true ]
